<?xml version="1.0" encoding="UTF-8"?>
<TestRun id="9ea0a5ee-20f1-4b18-b095-19af8f7c1589" name="DB@DB-PC 2012-07-25 11:28:37" runUser="DB-PC\DB" xmlns="http://microsoft.com/schemas/VisualStudio/TeamTest/2010">
  <TestSettings name="Default Test Settings" id="886797d6-d6c4-418c-9d2d-b9cc96c21147">
    <Deployment runDeploymentRoot="DB_DB-PC 2012-07-25 11_28_37">
      <DeploymentItem filename="C:\Users\DB\Documents\GitHub\EF-Group-Project\teamcanada\teamcanada.Tests\bin\Debug\Antlr3.Runtime.dll" />
      <DeploymentItem filename="C:\Users\DB\Documents\GitHub\EF-Group-Project\teamcanada\teamcanada\bin\teamcanada.dll" />
      <DeploymentItem filename="C:\Users\DB\Documents\GitHub\EF-Group-Project\teamcanada\packages\Microsoft.AspNet.WebApi.Client.4.0.20505.0\lib\net40\System.Net.Http.Formatting.dll" />
      <DeploymentItem filename="C:\Users\DB\Documents\GitHub\EF-Group-Project\teamcanada\packages\Microsoft.AspNet.WebPages.2.0.20505.0\lib\net40\System.Web.WebPages.dll" />
      <DeploymentItem filename="C:\Users\DB\Documents\GitHub\EF-Group-Project\teamcanada\packages\Microsoft.Web.Infrastructure.1.0.0.0\lib\net40\Microsoft.Web.Infrastructure.dll" />
      <DeploymentItem filename="C:\Users\DB\Documents\GitHub\EF-Group-Project\teamcanada\packages\Microsoft.AspNet.WebPages.2.0.20505.0\lib\net40\System.Web.WebPages.Deployment.dll" />
      <DeploymentItem filename="C:\Users\DB\Documents\GitHub\EF-Group-Project\teamcanada\packages\Microsoft.AspNet.WebApi.WebHost.4.0.20505.0\lib\net40\System.Web.Http.WebHost.dll" />
      <DeploymentItem filename="C:\Users\DB\Documents\GitHub\EF-Group-Project\teamcanada\packages\Microsoft.AspNet.WebApi.Core.4.0.20505.0\lib\net40\System.Web.Http.dll" />
      <DeploymentItem filename="C:\Users\DB\Documents\GitHub\EF-Group-Project\teamcanada\packages\Microsoft.AspNet.Providers.Core.1.0\lib\net40\System.Web.Providers.dll" />
      <DeploymentItem filename="C:\Users\DB\Documents\GitHub\EF-Group-Project\teamcanada\packages\Newtonsoft.Json.4.5.1\lib\net40\Newtonsoft.Json.dll" />
      <DeploymentItem filename="C:\Users\DB\Documents\GitHub\EF-Group-Project\teamcanada\teamcanada.Tests\bin\Debug\LumenWorks.Framework.IO.dll" />
      <DeploymentItem filename="C:\Users\DB\Documents\GitHub\EF-Group-Project\teamcanada\teamcanada.Tests\bin\Debug\System.Web.Optimization.dll" />
      <DeploymentItem filename="C:\Users\DB\Documents\GitHub\EF-Group-Project\teamcanada\packages\EntityFramework.5.0.0-rc\lib\net40\EntityFramework.dll" />
      <DeploymentItem filename="C:\Users\DB\Documents\GitHub\EF-Group-Project\teamcanada\packages\Microsoft.AspNet.Razor.2.0.20505.0\lib\net40\System.Web.Razor.dll" />
      <DeploymentItem filename="C:\Users\DB\Documents\GitHub\EF-Group-Project\teamcanada\packages\Microsoft.Net.Http.2.0.20505.0\lib\net40\System.Net.Http.dll" />
      <DeploymentItem filename="C:\Users\DB\Documents\GitHub\EF-Group-Project\teamcanada\packages\Microsoft.AspNet.WebPages.2.0.20505.0\lib\net40\System.Web.WebPages.Razor.dll" />
      <DeploymentItem filename="C:\Users\DB\Documents\GitHub\EF-Group-Project\teamcanada\packages\Microsoft.AspNet.WebPages.2.0.20505.0\lib\net40\System.Web.Helpers.dll" />
      <DeploymentItem filename="C:\Users\DB\Documents\GitHub\EF-Group-Project\teamcanada\packages\Microsoft.Net.Http.2.0.20505.0\lib\net40\System.Net.Http.WebRequest.dll" />
      <DeploymentItem filename="C:\Users\DB\Documents\GitHub\EF-Group-Project\teamcanada\packages\Microsoft.AspNet.Mvc.4.0.20505.0\lib\net40\System.Web.Mvc.dll" />
      <DeploymentItem filename="C:\Users\DB\Documents\GitHub\EF-Group-Project\teamcanada\teamcanada.Tests\bin\Debug\WebGrease.dll" />
    </Deployment>
    <Execution>
      <TestTypeSpecific />
      <AgentRule name="Execution Agents">
      </AgentRule>
    </Execution>
  </TestSettings>
  <Times creation="2012-07-25T11:28:37.0760695+01:00" queuing="2012-07-25T11:28:39.2060724+01:00" start="2012-07-25T11:28:39.2260725+01:00" finish="2012-07-25T11:28:39.2810726+01:00" />
  <ResultSummary outcome="Failed">
    <Counters total="1" executed="1" error="0" failed="1" timeout="0" aborted="0" inconclusive="0" passedButRunAborted="0" notRunnable="0" notExecuted="0" disconnected="0" warning="0" passed="0" completed="0" inProgress="0" pending="0" />
  </ResultSummary>
  <TestDefinitions>
    <UnitTest name="parseContributionsTest" storage="c:\users\db\documents\github\ef-group-project\teamcanada\teamcanada.tests\bin\debug\teamcanada.tests.dll" id="837bc3b4-d1aa-6938-a30b-945efebea5d6">
      <DeploymentItems>
        <DeploymentItem filename="teamcanada.dll" />
      </DeploymentItems>
      <Execution id="adc8a9a8-1b2f-4ebf-917c-436be61611b4" />
      <TestMethod codeBase="C:/Users/DB/Documents/GitHub/EF-Group-Project/teamcanada/teamcanada.Tests/bin/Debug/teamcanada.Tests.DLL" adapterTypeName="Microsoft.VisualStudio.TestTools.TestTypes.Unit.UnitTestAdapter, Microsoft.VisualStudio.QualityTools.Tips.UnitTest.Adapter, Version=10.0.0.0, Culture=neutral, PublicKeyToken=b03f5f7f11d50a3a" className="teamcanada.Tests.DataParseTest, teamcanada.Tests, Version=1.0.0.0, Culture=neutral, PublicKeyToken=null" name="parseContributionsTest" />
      <AspNet webSiteUrl="localhost:53507/">
        <Host pathToWebApp="C:\Users\DB\Documents\GitHub\EF-Group-Project\teamcanada\teamcanada" webAppRoot="/" />
      </AspNet>
    </UnitTest>
  </TestDefinitions>
  <TestLists>
    <TestList name="Results Not in a List" id="8c84fa94-04c1-424b-9868-57a2d4851a1d" />
    <TestList name="All Loaded Results" id="19431567-8539-422a-85d7-44ee4e166bda" />
  </TestLists>
  <TestEntries>
    <TestEntry testId="837bc3b4-d1aa-6938-a30b-945efebea5d6" executionId="adc8a9a8-1b2f-4ebf-917c-436be61611b4" testListId="8c84fa94-04c1-424b-9868-57a2d4851a1d" />
  </TestEntries>
  <Results>
    <UnitTestResult executionId="adc8a9a8-1b2f-4ebf-917c-436be61611b4" testId="837bc3b4-d1aa-6938-a30b-945efebea5d6" testName="parseContributionsTest" computerName="DB-PC" startTime="2012-07-25T11:28:39.2560725+01:00" endTime="2012-07-25T11:28:39.2710725+01:00" testType="13cdc9d9-ddb5-4fa4-a97d-d965ccfc6d4b" outcome="Failed" testListId="8c84fa94-04c1-424b-9868-57a2d4851a1d" relativeResultsDirectory="adc8a9a8-1b2f-4ebf-917c-436be61611b4">
      <Output>
        <ErrorInfo>
          <Message>The URL to test 'localhost:53507/' is invalid. The URL scheme must be either http or https.</Message>
        </ErrorInfo>
      </Output>
    </UnitTestResult>
  </Results>
</TestRun>