<?xml version="1.0" encoding="UTF-8"?>
<TestRun id="a76b5f4d-ab89-4cd8-a838-746553aa81f5" name="DB@DB-PC 2012-07-17 10:39:04" runUser="DB-PC\DB" xmlns="http://microsoft.com/schemas/VisualStudio/TeamTest/2010">
  <TestSettings name="Default Test Settings" id="221c11c2-10af-4ef3-ab71-eb348e05cf0a">
    <Deployment runDeploymentRoot="DB_DB-PC 2012-07-17 10_39_04">
      <DeploymentItem filename="C:\Users\DB\Documents\GitHub\EF-Group-Project\teamcanada\teamcanada.Tests\bin\Debug\Antlr3.Runtime.dll" />
      <DeploymentItem filename="C:\Users\DB\Documents\GitHub\EF-Group-Project\teamcanada\teamcanada\bin\teamcanada.dll" />
      <DeploymentItem filename="C:\Users\DB\Documents\GitHub\EF-Group-Project\teamcanada\packages\Microsoft.AspNet.WebApi.Client.4.0.20505.0\lib\net40\System.Net.Http.Formatting.dll" />
      <DeploymentItem filename="C:\Users\DB\Documents\GitHub\EF-Group-Project\teamcanada\packages\Microsoft.AspNet.WebPages.2.0.20505.0\lib\net40\System.Web.WebPages.dll" />
      <DeploymentItem filename="C:\Users\DB\Documents\GitHub\EF-Group-Project\teamcanada\packages\Microsoft.Web.Infrastructure.1.0.0.0\lib\net40\Microsoft.Web.Infrastructure.dll" />
      <DeploymentItem filename="C:\Users\DB\Documents\GitHub\EF-Group-Project\teamcanada\packages\Microsoft.AspNet.WebPages.2.0.20505.0\lib\net40\System.Web.WebPages.Deployment.dll" />
      <DeploymentItem filename="C:\Users\DB\Documents\GitHub\EF-Group-Project\teamcanada\packages\Microsoft.AspNet.WebApi.WebHost.4.0.20505.0\lib\net40\System.Web.Http.WebHost.dll" />
      <DeploymentItem filename="C:\Users\DB\Documents\GitHub\EF-Group-Project\teamcanada\packages\Microsoft.AspNet.WebApi.Core.4.0.20505.0\lib\net40\System.Web.Http.dll" />
      <DeploymentItem filename="C:\Users\DB\Documents\GitHub\EF-Group-Project\teamcanada\packages\Microsoft.AspNet.Providers.Core.1.0\lib\net40\System.Web.Providers.dll" />
      <DeploymentItem filename="C:\Users\DB\Documents\GitHub\EF-Group-Project\teamcanada\packages\Newtonsoft.Json.4.5.1\lib\net40\Newtonsoft.Json.dll" />
      <DeploymentItem filename="C:\Users\DB\Documents\GitHub\EF-Group-Project\teamcanada\teamcanada.Tests\bin\Debug\LumenWorks.Framework.IO.dll" />
      <DeploymentItem filename="C:\Users\DB\Documents\GitHub\EF-Group-Project\teamcanada\teamcanada.Tests\bin\Debug\System.Web.Optimization.dll" />
      <DeploymentItem filename="C:\Users\DB\Documents\GitHub\EF-Group-Project\teamcanada\packages\EntityFramework.5.0.0-rc\lib\net40\EntityFramework.dll" />
      <DeploymentItem filename="C:\Users\DB\Documents\GitHub\EF-Group-Project\teamcanada\packages\Microsoft.AspNet.Razor.2.0.20505.0\lib\net40\System.Web.Razor.dll" />
      <DeploymentItem filename="C:\Users\DB\Documents\GitHub\EF-Group-Project\teamcanada\packages\Microsoft.Net.Http.2.0.20505.0\lib\net40\System.Net.Http.dll" />
      <DeploymentItem filename="C:\Users\DB\Documents\GitHub\EF-Group-Project\teamcanada\packages\Microsoft.AspNet.WebPages.2.0.20505.0\lib\net40\System.Web.WebPages.Razor.dll" />
      <DeploymentItem filename="C:\Users\DB\Documents\GitHub\EF-Group-Project\teamcanada\packages\Microsoft.AspNet.WebPages.2.0.20505.0\lib\net40\System.Web.Helpers.dll" />
      <DeploymentItem filename="C:\Users\DB\Documents\GitHub\EF-Group-Project\teamcanada\packages\Microsoft.Net.Http.2.0.20505.0\lib\net40\System.Net.Http.WebRequest.dll" />
      <DeploymentItem filename="C:\Users\DB\Documents\GitHub\EF-Group-Project\teamcanada\packages\Microsoft.AspNet.Mvc.4.0.20505.0\lib\net40\System.Web.Mvc.dll" />
      <DeploymentItem filename="C:\Users\DB\Documents\GitHub\EF-Group-Project\teamcanada\teamcanada.Tests\bin\Debug\WebGrease.dll" />
    </Deployment>
    <Execution>
      <TestTypeSpecific />
      <AgentRule name="Execution Agents">
      </AgentRule>
    </Execution>
  </TestSettings>
  <Times creation="2012-07-17T10:39:04.1419984+01:00" queuing="2012-07-17T10:39:09.3372955+01:00" start="2012-07-17T10:39:09.5113055+01:00" finish="2012-07-17T10:39:47.8554986+01:00" />
  <ResultSummary outcome="Failed">
    <Counters total="6" executed="6" passed="1" error="0" failed="5" timeout="0" aborted="0" inconclusive="0" passedButRunAborted="0" notRunnable="0" notExecuted="0" disconnected="0" warning="0" completed="0" inProgress="0" pending="0" />
  </ResultSummary>
  <TestDefinitions>
    <UnitTest name="Index_Get_AsksForIndexView" storage="c:\users\db\documents\github\ef-group-project\teamcanada\teamcanada.tests\bin\debug\teamcanada.tests.dll" id="d589b3b2-74f9-3305-6ca0-aa06fc50ff85">
      <Execution id="5816610a-97bc-4906-8b61-c791bfd7d5f1" />
      <TestMethod codeBase="C:/Users/DB/Documents/GitHub/EF-Group-Project/teamcanada/teamcanada.Tests/bin/Debug/teamcanada.Tests.DLL" adapterTypeName="Microsoft.VisualStudio.TestTools.TestTypes.Unit.UnitTestAdapter, Microsoft.VisualStudio.QualityTools.Tips.UnitTest.Adapter, Version=10.0.0.0, Culture=neutral, PublicKeyToken=b03f5f7f11d50a3a" className="teamcanada.Tests.Controllers.HomeControllerTest, teamcanada.Tests, Version=1.0.0.0, Culture=neutral, PublicKeyToken=null" name="Index_Get_AsksForIndexView" />
    </UnitTest>
    <UnitTest name="UserNameTest" storage="c:\users\db\documents\github\ef-group-project\teamcanada\teamcanada.tests\bin\debug\teamcanada.tests.dll" id="586ab063-d1f6-1acc-fda4-6547b397d6f8">
      <Execution id="c257afc0-f5ef-4694-97de-aedd3f014301" />
      <TestMethod codeBase="C:/Users/DB/Documents/GitHub/EF-Group-Project/teamcanada/teamcanada.Tests/bin/Debug/teamcanada.Tests.DLL" adapterTypeName="Microsoft.VisualStudio.TestTools.TestTypes.Unit.UnitTestAdapter, Microsoft.VisualStudio.QualityTools.Tips.UnitTest.Adapter, Version=10.0.0.0, Culture=neutral, PublicKeyToken=b03f5f7f11d50a3a" className="teamcanada.Tests.LoginModelTest, teamcanada.Tests, Version=1.0.0.0, Culture=neutral, PublicKeyToken=null" name="UserNameTest" />
      <AspNet webSiteUrl="http://localhost:53507/">
        <Host pathToWebApp="C:\Users\DB\Documents\GitHub\EF-Group-Project\teamcanada\teamcanada" webAppRoot="/" />
      </AspNet>
    </UnitTest>
    <UnitTest name="RememberMeTest" storage="c:\users\db\documents\github\ef-group-project\teamcanada\teamcanada.tests\bin\debug\teamcanada.tests.dll" id="7d6b2b80-c2ff-3041-bc0a-72ebef502d54">
      <Execution id="52e8017b-c248-4a4f-ab5c-1ee3ce64c405" />
      <TestMethod codeBase="C:/Users/DB/Documents/GitHub/EF-Group-Project/teamcanada/teamcanada.Tests/bin/Debug/teamcanada.Tests.DLL" adapterTypeName="Microsoft.VisualStudio.TestTools.TestTypes.Unit.UnitTestAdapter, Microsoft.VisualStudio.QualityTools.Tips.UnitTest.Adapter, Version=10.0.0.0, Culture=neutral, PublicKeyToken=b03f5f7f11d50a3a" className="teamcanada.Tests.LoginModelTest, teamcanada.Tests, Version=1.0.0.0, Culture=neutral, PublicKeyToken=null" name="RememberMeTest" />
      <AspNet webSiteUrl="http://localhost:53507/">
        <Host pathToWebApp="C:\Users\DB\Documents\GitHub\EF-Group-Project\teamcanada\teamcanada" webAppRoot="/" />
      </AspNet>
    </UnitTest>
    <UnitTest name="PasswordTest" storage="c:\users\db\documents\github\ef-group-project\teamcanada\teamcanada.tests\bin\debug\teamcanada.tests.dll" id="e09b6ee3-6adb-583c-298b-31fc53845012">
      <Execution id="670e4155-1c1a-4bb3-a9b1-edd9fdb0da00" />
      <TestMethod codeBase="C:/Users/DB/Documents/GitHub/EF-Group-Project/teamcanada/teamcanada.Tests/bin/Debug/teamcanada.Tests.DLL" adapterTypeName="Microsoft.VisualStudio.TestTools.TestTypes.Unit.UnitTestAdapter, Microsoft.VisualStudio.QualityTools.Tips.UnitTest.Adapter, Version=10.0.0.0, Culture=neutral, PublicKeyToken=b03f5f7f11d50a3a" className="teamcanada.Tests.LoginModelTest, teamcanada.Tests, Version=1.0.0.0, Culture=neutral, PublicKeyToken=null" name="PasswordTest" />
      <AspNet webSiteUrl="http://localhost:53507/">
        <Host pathToWebApp="C:\Users\DB\Documents\GitHub\EF-Group-Project\teamcanada\teamcanada" webAppRoot="/" />
      </AspNet>
    </UnitTest>
    <UnitTest name="LoginModelConstructorTest" storage="c:\users\db\documents\github\ef-group-project\teamcanada\teamcanada.tests\bin\debug\teamcanada.tests.dll" id="eacf7a4f-2837-a160-f657-d3f10620e720">
      <Execution id="5071dd46-39ae-4be6-8b88-3234a7df7575" />
      <TestMethod codeBase="C:/Users/DB/Documents/GitHub/EF-Group-Project/teamcanada/teamcanada.Tests/bin/Debug/teamcanada.Tests.DLL" adapterTypeName="Microsoft.VisualStudio.TestTools.TestTypes.Unit.UnitTestAdapter, Microsoft.VisualStudio.QualityTools.Tips.UnitTest.Adapter, Version=10.0.0.0, Culture=neutral, PublicKeyToken=b03f5f7f11d50a3a" className="teamcanada.Tests.LoginModelTest, teamcanada.Tests, Version=1.0.0.0, Culture=neutral, PublicKeyToken=null" name="LoginModelConstructorTest" />
      <AspNet webSiteUrl="http://localhost:53507/">
        <Host pathToWebApp="C:\Users\DB\Documents\GitHub\EF-Group-Project\teamcanada\teamcanada" webAppRoot="/" />
      </AspNet>
    </UnitTest>
    <UnitTest name="TestMethod1" storage="c:\users\db\documents\github\ef-group-project\teamcanada\teamcanada.tests\bin\debug\teamcanada.tests.dll" id="1c476c79-de79-c4b0-9feb-11589fb7c420">
      <Execution id="77e96acc-205d-4b3a-8cdf-3ae2aa9238c9" />
      <TestMethod codeBase="C:/Users/DB/Documents/GitHub/EF-Group-Project/teamcanada/teamcanada.Tests/bin/Debug/teamcanada.Tests.DLL" adapterTypeName="Microsoft.VisualStudio.TestTools.TestTypes.Unit.UnitTestAdapter, Microsoft.VisualStudio.QualityTools.Tips.UnitTest.Adapter, Version=10.0.0.0, Culture=neutral, PublicKeyToken=b03f5f7f11d50a3a" className="teamcanada.Tests.UnitTest1, teamcanada.Tests, Version=1.0.0.0, Culture=neutral, PublicKeyToken=null" name="TestMethod1" />
    </UnitTest>
  </TestDefinitions>
  <TestLists>
    <TestList name="Results Not in a List" id="8c84fa94-04c1-424b-9868-57a2d4851a1d" />
    <TestList name="All Loaded Results" id="19431567-8539-422a-85d7-44ee4e166bda" />
  </TestLists>
  <TestEntries>
    <TestEntry testId="1c476c79-de79-c4b0-9feb-11589fb7c420" executionId="77e96acc-205d-4b3a-8cdf-3ae2aa9238c9" testListId="8c84fa94-04c1-424b-9868-57a2d4851a1d" />
    <TestEntry testId="586ab063-d1f6-1acc-fda4-6547b397d6f8" executionId="c257afc0-f5ef-4694-97de-aedd3f014301" testListId="8c84fa94-04c1-424b-9868-57a2d4851a1d" />
    <TestEntry testId="7d6b2b80-c2ff-3041-bc0a-72ebef502d54" executionId="52e8017b-c248-4a4f-ab5c-1ee3ce64c405" testListId="8c84fa94-04c1-424b-9868-57a2d4851a1d" />
    <TestEntry testId="d589b3b2-74f9-3305-6ca0-aa06fc50ff85" executionId="5816610a-97bc-4906-8b61-c791bfd7d5f1" testListId="8c84fa94-04c1-424b-9868-57a2d4851a1d" />
    <TestEntry testId="e09b6ee3-6adb-583c-298b-31fc53845012" executionId="670e4155-1c1a-4bb3-a9b1-edd9fdb0da00" testListId="8c84fa94-04c1-424b-9868-57a2d4851a1d" />
    <TestEntry testId="eacf7a4f-2837-a160-f657-d3f10620e720" executionId="5071dd46-39ae-4be6-8b88-3234a7df7575" testListId="8c84fa94-04c1-424b-9868-57a2d4851a1d" />
  </TestEntries>
  <Results>
    <UnitTestResult executionId="77e96acc-205d-4b3a-8cdf-3ae2aa9238c9" testId="1c476c79-de79-c4b0-9feb-11589fb7c420" testName="TestMethod1" computerName="DB-PC" duration="00:00:00.0170309" startTime="2012-07-17T10:39:09.5953103+01:00" endTime="2012-07-17T10:39:10.2653486+01:00" testType="13cdc9d9-ddb5-4fa4-a97d-d965ccfc6d4b" outcome="Passed" testListId="8c84fa94-04c1-424b-9868-57a2d4851a1d" relativeResultsDirectory="77e96acc-205d-4b3a-8cdf-3ae2aa9238c9">
    </UnitTestResult>
    <UnitTestResult executionId="c257afc0-f5ef-4694-97de-aedd3f014301" testId="586ab063-d1f6-1acc-fda4-6547b397d6f8" testName="UserNameTest" computerName="DB-PC" startTime="2012-07-17T10:39:10.5883671+01:00" endTime="2012-07-17T10:39:46.5664249+01:00" testType="13cdc9d9-ddb5-4fa4-a97d-d965ccfc6d4b" outcome="Failed" testListId="8c84fa94-04c1-424b-9868-57a2d4851a1d" relativeResultsDirectory="c257afc0-f5ef-4694-97de-aedd3f014301">
      <Output>
        <ErrorInfo>
          <Message>Could not connect to the Web server for page 'http://localhost:53507/'. The remote server returned an error: (500) Internal Server Error.. Check that the Web server is running and visible on the network and that the page specified exists.</Message>
        </ErrorInfo>
      </Output>
    </UnitTestResult>
    <UnitTestResult executionId="52e8017b-c248-4a4f-ab5c-1ee3ce64c405" testId="7d6b2b80-c2ff-3041-bc0a-72ebef502d54" testName="RememberMeTest" computerName="DB-PC" startTime="2012-07-17T10:39:46.5694251+01:00" endTime="2012-07-17T10:39:47.3754712+01:00" testType="13cdc9d9-ddb5-4fa4-a97d-d965ccfc6d4b" outcome="Failed" testListId="8c84fa94-04c1-424b-9868-57a2d4851a1d" relativeResultsDirectory="52e8017b-c248-4a4f-ab5c-1ee3ce64c405">
      <Output>
        <ErrorInfo>
          <Message>Could not connect to the Web server for page 'http://localhost:53507/'. The remote server returned an error: (500) Internal Server Error.. Check that the Web server is running and visible on the network and that the page specified exists.</Message>
        </ErrorInfo>
      </Output>
    </UnitTestResult>
    <UnitTestResult executionId="5816610a-97bc-4906-8b61-c791bfd7d5f1" testId="d589b3b2-74f9-3305-6ca0-aa06fc50ff85" testName="Index_Get_AsksForIndexView" computerName="DB-PC" duration="00:00:00.1677913" startTime="2012-07-17T10:39:47.3814715+01:00" endTime="2012-07-17T10:39:47.5544814+01:00" testType="13cdc9d9-ddb5-4fa4-a97d-d965ccfc6d4b" outcome="Failed" testListId="8c84fa94-04c1-424b-9868-57a2d4851a1d" relativeResultsDirectory="5816610a-97bc-4906-8b61-c791bfd7d5f1">
      <Output>
        <ErrorInfo>
          <Message>Test method teamcanada.Tests.Controllers.HomeControllerTest.Index_Get_AsksForIndexView threw exception: 
System.NotImplementedException: The method or operation is not implemented.</Message>
          <StackTrace>    at teamcanada.Controllers.HomeController.Index() in C:\Users\DB\Documents\GitHub\EF-Group-Project\teamcanada\teamcanada\Controllers\HomeController.cs:line 62
   at teamcanada.Tests.Controllers.HomeControllerTest.Index_Get_AsksForIndexView() in C:\Users\DB\Documents\GitHub\EF-Group-Project\teamcanada\teamcanada.Tests\Controllers\HomeControllerTest.cs:line 79
</StackTrace>
        </ErrorInfo>
      </Output>
    </UnitTestResult>
    <UnitTestResult executionId="670e4155-1c1a-4bb3-a9b1-edd9fdb0da00" testId="e09b6ee3-6adb-583c-298b-31fc53845012" testName="PasswordTest" computerName="DB-PC" startTime="2012-07-17T10:39:47.5644820+01:00" endTime="2012-07-17T10:39:47.5884834+01:00" testType="13cdc9d9-ddb5-4fa4-a97d-d965ccfc6d4b" outcome="Failed" testListId="8c84fa94-04c1-424b-9868-57a2d4851a1d" relativeResultsDirectory="670e4155-1c1a-4bb3-a9b1-edd9fdb0da00">
      <Output>
        <ErrorInfo>
          <Message>Could not connect to the Web server for page 'http://localhost:53507/'. The remote server returned an error: (500) Internal Server Error.. Check that the Web server is running and visible on the network and that the page specified exists.</Message>
        </ErrorInfo>
      </Output>
    </UnitTestResult>
    <UnitTestResult executionId="5071dd46-39ae-4be6-8b88-3234a7df7575" testId="eacf7a4f-2837-a160-f657-d3f10620e720" testName="LoginModelConstructorTest" computerName="DB-PC" startTime="2012-07-17T10:39:47.5954838+01:00" endTime="2012-07-17T10:39:47.6174850+01:00" testType="13cdc9d9-ddb5-4fa4-a97d-d965ccfc6d4b" outcome="Failed" testListId="8c84fa94-04c1-424b-9868-57a2d4851a1d" relativeResultsDirectory="5071dd46-39ae-4be6-8b88-3234a7df7575">
      <Output>
        <ErrorInfo>
          <Message>Could not connect to the Web server for page 'http://localhost:53507/'. The remote server returned an error: (500) Internal Server Error.. Check that the Web server is running and visible on the network and that the page specified exists.</Message>
        </ErrorInfo>
      </Output>
    </UnitTestResult>
  </Results>
</TestRun>