<?xml version="1.0" encoding="UTF-8"?>
<TestRun id="1ac415c4-cfd3-4498-b974-c9b9ab23a2f0" name="DB@DB-PC 2012-07-12 11:27:54" runUser="DB-PC\DB" xmlns="http://microsoft.com/schemas/VisualStudio/TeamTest/2010">
  <TestSettings name="Default Test Settings" id="008ffed2-695e-428a-8f2b-69f798265fa1">
    <Deployment runDeploymentRoot="DB_DB-PC 2012-07-12 11_27_54">
      <DeploymentItem filename="C:\Users\DB\Documents\GitHub\EF-Group-Project\teamcanada\teamcanada.Tests\bin\Debug\Antlr3.Runtime.dll" />
      <DeploymentItem filename="C:\Users\DB\Documents\GitHub\EF-Group-Project\teamcanada\teamcanada\bin\teamcanada.dll" />
      <DeploymentItem filename="C:\Users\DB\Documents\GitHub\EF-Group-Project\teamcanada\packages\Microsoft.AspNet.WebApi.Client.4.0.20505.0\lib\net40\System.Net.Http.Formatting.dll" />
      <DeploymentItem filename="C:\Users\DB\Documents\GitHub\EF-Group-Project\teamcanada\packages\Microsoft.AspNet.WebPages.2.0.20505.0\lib\net40\System.Web.WebPages.dll" />
      <DeploymentItem filename="C:\Users\DB\Documents\GitHub\EF-Group-Project\teamcanada\packages\Microsoft.Web.Infrastructure.1.0.0.0\lib\net40\Microsoft.Web.Infrastructure.dll" />
      <DeploymentItem filename="C:\Users\DB\Documents\GitHub\EF-Group-Project\teamcanada\packages\Microsoft.AspNet.WebPages.2.0.20505.0\lib\net40\System.Web.WebPages.Deployment.dll" />
      <DeploymentItem filename="C:\Users\DB\Documents\GitHub\EF-Group-Project\teamcanada\packages\Microsoft.AspNet.WebApi.WebHost.4.0.20505.0\lib\net40\System.Web.Http.WebHost.dll" />
      <DeploymentItem filename="C:\Users\DB\Documents\GitHub\EF-Group-Project\teamcanada\packages\Microsoft.AspNet.WebApi.Core.4.0.20505.0\lib\net40\System.Web.Http.dll" />
      <DeploymentItem filename="C:\Users\DB\Documents\GitHub\EF-Group-Project\teamcanada\packages\Microsoft.AspNet.Providers.Core.1.0\lib\net40\System.Web.Providers.dll" />
      <DeploymentItem filename="C:\Users\DB\Documents\GitHub\EF-Group-Project\teamcanada\packages\Newtonsoft.Json.4.5.1\lib\net40\Newtonsoft.Json.dll" />
      <DeploymentItem filename="C:\Users\DB\Documents\GitHub\EF-Group-Project\teamcanada\teamcanada.Tests\bin\Debug\LumenWorks.Framework.IO.dll" />
      <DeploymentItem filename="C:\Users\DB\Documents\GitHub\EF-Group-Project\teamcanada\teamcanada.Tests\bin\Debug\System.Web.Optimization.dll" />
      <DeploymentItem filename="C:\Users\DB\Documents\GitHub\EF-Group-Project\teamcanada\packages\EntityFramework.5.0.0-rc\lib\net40\EntityFramework.dll" />
      <DeploymentItem filename="C:\Users\DB\Documents\GitHub\EF-Group-Project\teamcanada\packages\Microsoft.AspNet.Razor.2.0.20505.0\lib\net40\System.Web.Razor.dll" />
      <DeploymentItem filename="C:\Users\DB\Documents\GitHub\EF-Group-Project\teamcanada\packages\Microsoft.Net.Http.2.0.20505.0\lib\net40\System.Net.Http.dll" />
      <DeploymentItem filename="C:\Users\DB\Documents\GitHub\EF-Group-Project\teamcanada\packages\Microsoft.AspNet.WebPages.2.0.20505.0\lib\net40\System.Web.WebPages.Razor.dll" />
      <DeploymentItem filename="C:\Users\DB\Documents\GitHub\EF-Group-Project\teamcanada\packages\Microsoft.AspNet.WebPages.2.0.20505.0\lib\net40\System.Web.Helpers.dll" />
      <DeploymentItem filename="C:\Users\DB\Documents\GitHub\EF-Group-Project\teamcanada\packages\Microsoft.Net.Http.2.0.20505.0\lib\net40\System.Net.Http.WebRequest.dll" />
      <DeploymentItem filename="C:\Users\DB\Documents\GitHub\EF-Group-Project\teamcanada\packages\Microsoft.AspNet.Mvc.4.0.20505.0\lib\net40\System.Web.Mvc.dll" />
      <DeploymentItem filename="C:\Users\DB\Documents\GitHub\EF-Group-Project\teamcanada\teamcanada.Tests\bin\Debug\WebGrease.dll" />
    </Deployment>
    <Execution>
      <TestTypeSpecific />
      <AgentRule name="Execution Agents">
      </AgentRule>
    </Execution>
  </TestSettings>
  <Times creation="2012-07-12T11:27:54.3762544+01:00" queuing="2012-07-12T11:27:55.0242914+01:00" start="2012-07-12T11:27:55.0532931+01:00" finish="2012-07-12T11:28:47.2852806+01:00" />
  <ResultSummary outcome="Failed">
    <Counters total="10" executed="10" passed="2" error="0" failed="8" timeout="0" aborted="0" inconclusive="0" passedButRunAborted="0" notRunnable="0" notExecuted="0" disconnected="0" warning="0" completed="0" inProgress="0" pending="0" />
  </ResultSummary>
  <TestDefinitions>
    <UnitTest name="TestMethod1" storage="c:\users\db\documents\github\ef-group-project\teamcanada\teamcanada.tests\bin\debug\teamcanada.tests.dll" id="1c476c79-de79-c4b0-9feb-11589fb7c420">
      <Execution id="ed7da8e4-5ce0-49b4-941d-cf7637c1d84d" />
      <TestMethod codeBase="C:/Users/DB/Documents/GitHub/EF-Group-Project/teamcanada/teamcanada.Tests/bin/Debug/teamcanada.Tests.DLL" adapterTypeName="Microsoft.VisualStudio.TestTools.TestTypes.Unit.UnitTestAdapter, Microsoft.VisualStudio.QualityTools.Tips.UnitTest.Adapter, Version=10.0.0.0, Culture=neutral, PublicKeyToken=b03f5f7f11d50a3a" className="teamcanada.Tests.UnitTest1, teamcanada.Tests, Version=1.0.0.0, Culture=neutral, PublicKeyToken=null" name="TestMethod1" />
    </UnitTest>
    <UnitTest name="parseContributionsTest" storage="c:\users\db\documents\github\ef-group-project\teamcanada\teamcanada.tests\bin\debug\teamcanada.tests.dll" id="60a5a36c-81c6-bb2a-ec39-e1a882e6af19">
      <Execution id="76c3cca7-40ab-49a9-ba54-3309fb8b4d2c" />
      <TestMethod codeBase="C:/Users/DB/Documents/GitHub/EF-Group-Project/teamcanada/teamcanada.Tests/bin/Debug/teamcanada.Tests.DLL" adapterTypeName="Microsoft.VisualStudio.TestTools.TestTypes.Unit.UnitTestAdapter, Microsoft.VisualStudio.QualityTools.Tips.UnitTest.Adapter, Version=10.0.0.0, Culture=neutral, PublicKeyToken=b03f5f7f11d50a3a" className="teamcanada.Tests.AllDataParserTest, teamcanada.Tests, Version=1.0.0.0, Culture=neutral, PublicKeyToken=null" name="parseContributionsTest" />
      <AspNet webSiteUrl="http://localhost:53507/">
        <Host pathToWebApp="C:\Users\eoiny\Documents\GitHub\EF-Group-Project\teamcanada\teamcanada" webAppRoot="/" />
      </AspNet>
    </UnitTest>
    <UnitTest name="PasswordTest" storage="c:\users\db\documents\github\ef-group-project\teamcanada\teamcanada.tests\bin\debug\teamcanada.tests.dll" id="e09b6ee3-6adb-583c-298b-31fc53845012">
      <Execution id="bcebc30b-0d9f-4cf4-ac48-6e3b379cc624" />
      <TestMethod codeBase="C:/Users/DB/Documents/GitHub/EF-Group-Project/teamcanada/teamcanada.Tests/bin/Debug/teamcanada.Tests.DLL" adapterTypeName="Microsoft.VisualStudio.TestTools.TestTypes.Unit.UnitTestAdapter, Microsoft.VisualStudio.QualityTools.Tips.UnitTest.Adapter, Version=10.0.0.0, Culture=neutral, PublicKeyToken=b03f5f7f11d50a3a" className="teamcanada.Tests.LoginModelTest, teamcanada.Tests, Version=1.0.0.0, Culture=neutral, PublicKeyToken=null" name="PasswordTest" />
      <AspNet webSiteUrl="http://localhost:53507/">
        <Host pathToWebApp="C:\Users\DB\Documents\GitHub\EF-Group-Project\teamcanada\teamcanada" webAppRoot="/" />
      </AspNet>
    </UnitTest>
    <UnitTest name="UserNameTest" storage="c:\users\db\documents\github\ef-group-project\teamcanada\teamcanada.tests\bin\debug\teamcanada.tests.dll" id="586ab063-d1f6-1acc-fda4-6547b397d6f8">
      <Execution id="7de87010-1465-4378-b730-d5f3254ff3c1" />
      <TestMethod codeBase="C:/Users/DB/Documents/GitHub/EF-Group-Project/teamcanada/teamcanada.Tests/bin/Debug/teamcanada.Tests.DLL" adapterTypeName="Microsoft.VisualStudio.TestTools.TestTypes.Unit.UnitTestAdapter, Microsoft.VisualStudio.QualityTools.Tips.UnitTest.Adapter, Version=10.0.0.0, Culture=neutral, PublicKeyToken=b03f5f7f11d50a3a" className="teamcanada.Tests.LoginModelTest, teamcanada.Tests, Version=1.0.0.0, Culture=neutral, PublicKeyToken=null" name="UserNameTest" />
      <AspNet webSiteUrl="http://localhost:53507/">
        <Host pathToWebApp="C:\Users\DB\Documents\GitHub\EF-Group-Project\teamcanada\teamcanada" webAppRoot="/" />
      </AspNet>
    </UnitTest>
    <UnitTest name="RememberMeTest" storage="c:\users\db\documents\github\ef-group-project\teamcanada\teamcanada.tests\bin\debug\teamcanada.tests.dll" id="7d6b2b80-c2ff-3041-bc0a-72ebef502d54">
      <Execution id="c423e910-e567-49d6-a0e5-443602e9a03a" />
      <TestMethod codeBase="C:/Users/DB/Documents/GitHub/EF-Group-Project/teamcanada/teamcanada.Tests/bin/Debug/teamcanada.Tests.DLL" adapterTypeName="Microsoft.VisualStudio.TestTools.TestTypes.Unit.UnitTestAdapter, Microsoft.VisualStudio.QualityTools.Tips.UnitTest.Adapter, Version=10.0.0.0, Culture=neutral, PublicKeyToken=b03f5f7f11d50a3a" className="teamcanada.Tests.LoginModelTest, teamcanada.Tests, Version=1.0.0.0, Culture=neutral, PublicKeyToken=null" name="RememberMeTest" />
      <AspNet webSiteUrl="http://localhost:53507/">
        <Host pathToWebApp="C:\Users\DB\Documents\GitHub\EF-Group-Project\teamcanada\teamcanada" webAppRoot="/" />
      </AspNet>
    </UnitTest>
    <UnitTest name="supportsTypeTest" storage="c:\users\db\documents\github\ef-group-project\teamcanada\teamcanada.tests\bin\debug\teamcanada.tests.dll" id="74ca8a36-e891-f25a-640a-0f8d082ea528">
      <Execution id="60888ddd-10ca-4fc3-8965-c4293044244e" />
      <TestMethod codeBase="C:/Users/DB/Documents/GitHub/EF-Group-Project/teamcanada/teamcanada.Tests/bin/Debug/teamcanada.Tests.DLL" adapterTypeName="Microsoft.VisualStudio.TestTools.TestTypes.Unit.UnitTestAdapter, Microsoft.VisualStudio.QualityTools.Tips.UnitTest.Adapter, Version=10.0.0.0, Culture=neutral, PublicKeyToken=b03f5f7f11d50a3a" className="teamcanada.Tests.AllDataParserTest, teamcanada.Tests, Version=1.0.0.0, Culture=neutral, PublicKeyToken=null" name="supportsTypeTest" />
      <AspNet webSiteUrl="http://localhost:53507/">
        <Host pathToWebApp="C:\Users\DB\Documents\GitHub\EF-Group-Project\teamcanada\teamcanada" webAppRoot="/" />
      </AspNet>
    </UnitTest>
    <UnitTest name="parseResultsTest" storage="c:\users\db\documents\github\ef-group-project\teamcanada\teamcanada.tests\bin\debug\teamcanada.tests.dll" id="b6b58e28-3b04-2c8c-f769-1a7df81e6909">
      <Execution id="9e7ddf2a-2e51-4de6-89fd-b7efc2f1d4cd" />
      <TestMethod codeBase="C:/Users/DB/Documents/GitHub/EF-Group-Project/teamcanada/teamcanada.Tests/bin/Debug/teamcanada.Tests.DLL" adapterTypeName="Microsoft.VisualStudio.TestTools.TestTypes.Unit.UnitTestAdapter, Microsoft.VisualStudio.QualityTools.Tips.UnitTest.Adapter, Version=10.0.0.0, Culture=neutral, PublicKeyToken=b03f5f7f11d50a3a" className="teamcanada.Tests.AllDataParserTest, teamcanada.Tests, Version=1.0.0.0, Culture=neutral, PublicKeyToken=null" name="parseResultsTest" />
      <AspNet webSiteUrl="http://localhost:53507/">
        <Host pathToWebApp="C:\Users\eoiny\Documents\GitHub\EF-Group-Project\teamcanada\teamcanada" webAppRoot="/" />
      </AspNet>
    </UnitTest>
    <UnitTest name="LoginModelConstructorTest" storage="c:\users\db\documents\github\ef-group-project\teamcanada\teamcanada.tests\bin\debug\teamcanada.tests.dll" id="eacf7a4f-2837-a160-f657-d3f10620e720">
      <Execution id="08667c87-178b-4f60-b11d-8d6b81c8b739" />
      <TestMethod codeBase="C:/Users/DB/Documents/GitHub/EF-Group-Project/teamcanada/teamcanada.Tests/bin/Debug/teamcanada.Tests.DLL" adapterTypeName="Microsoft.VisualStudio.TestTools.TestTypes.Unit.UnitTestAdapter, Microsoft.VisualStudio.QualityTools.Tips.UnitTest.Adapter, Version=10.0.0.0, Culture=neutral, PublicKeyToken=b03f5f7f11d50a3a" className="teamcanada.Tests.LoginModelTest, teamcanada.Tests, Version=1.0.0.0, Culture=neutral, PublicKeyToken=null" name="LoginModelConstructorTest" />
      <AspNet webSiteUrl="http://localhost:53507/">
        <Host pathToWebApp="C:\Users\DB\Documents\GitHub\EF-Group-Project\teamcanada\teamcanada" webAppRoot="/" />
      </AspNet>
    </UnitTest>
    <UnitTest name="setStreamSourceTest" storage="c:\users\db\documents\github\ef-group-project\teamcanada\teamcanada.tests\bin\debug\teamcanada.tests.dll" id="024d40ba-0108-34cf-0ae3-b03946470ff9">
      <Execution id="be7a36ef-70c1-4c32-a561-6fac107de342" />
      <TestMethod codeBase="C:/Users/DB/Documents/GitHub/EF-Group-Project/teamcanada/teamcanada.Tests/bin/Debug/teamcanada.Tests.DLL" adapterTypeName="Microsoft.VisualStudio.TestTools.TestTypes.Unit.UnitTestAdapter, Microsoft.VisualStudio.QualityTools.Tips.UnitTest.Adapter, Version=10.0.0.0, Culture=neutral, PublicKeyToken=b03f5f7f11d50a3a" className="teamcanada.Tests.AllDataParserTest, teamcanada.Tests, Version=1.0.0.0, Culture=neutral, PublicKeyToken=null" name="setStreamSourceTest" />
      <AspNet webSiteUrl="http://localhost:53507/">
        <Host pathToWebApp="C:\Users\eoiny\Documents\GitHub\EF-Group-Project\teamcanada\teamcanada" webAppRoot="/" />
      </AspNet>
    </UnitTest>
    <UnitTest name="TestMethod1" storage="c:\users\db\documents\github\ef-group-project\teamcanada\teamcanada.tests\bin\debug\teamcanada.tests.dll" id="5e9e1c92-5d82-056c-f7ca-1ce949c99aec">
      <Execution id="7cbd495d-b81c-4fde-b24a-ae2a498535df" />
      <TestMethod codeBase="C:/Users/DB/Documents/GitHub/EF-Group-Project/teamcanada/teamcanada.Tests/bin/Debug/teamcanada.Tests.DLL" adapterTypeName="Microsoft.VisualStudio.TestTools.TestTypes.Unit.UnitTestAdapter, Microsoft.VisualStudio.QualityTools.Tips.UnitTest.Adapter, Version=10.0.0.0, Culture=neutral, PublicKeyToken=b03f5f7f11d50a3a" className="teamcanada.Tests.TorontoDbTest, teamcanada.Tests, Version=1.0.0.0, Culture=neutral, PublicKeyToken=null" name="TestMethod1" />
    </UnitTest>
  </TestDefinitions>
  <TestLists>
    <TestList name="Results Not in a List" id="8c84fa94-04c1-424b-9868-57a2d4851a1d" />
    <TestList name="All Loaded Results" id="19431567-8539-422a-85d7-44ee4e166bda" />
  </TestLists>
  <TestEntries>
    <TestEntry testId="024d40ba-0108-34cf-0ae3-b03946470ff9" executionId="be7a36ef-70c1-4c32-a561-6fac107de342" testListId="8c84fa94-04c1-424b-9868-57a2d4851a1d" />
    <TestEntry testId="1c476c79-de79-c4b0-9feb-11589fb7c420" executionId="ed7da8e4-5ce0-49b4-941d-cf7637c1d84d" testListId="8c84fa94-04c1-424b-9868-57a2d4851a1d" />
    <TestEntry testId="586ab063-d1f6-1acc-fda4-6547b397d6f8" executionId="7de87010-1465-4378-b730-d5f3254ff3c1" testListId="8c84fa94-04c1-424b-9868-57a2d4851a1d" />
    <TestEntry testId="5e9e1c92-5d82-056c-f7ca-1ce949c99aec" executionId="7cbd495d-b81c-4fde-b24a-ae2a498535df" testListId="8c84fa94-04c1-424b-9868-57a2d4851a1d" />
    <TestEntry testId="60a5a36c-81c6-bb2a-ec39-e1a882e6af19" executionId="76c3cca7-40ab-49a9-ba54-3309fb8b4d2c" testListId="8c84fa94-04c1-424b-9868-57a2d4851a1d" />
    <TestEntry testId="74ca8a36-e891-f25a-640a-0f8d082ea528" executionId="60888ddd-10ca-4fc3-8965-c4293044244e" testListId="8c84fa94-04c1-424b-9868-57a2d4851a1d" />
    <TestEntry testId="7d6b2b80-c2ff-3041-bc0a-72ebef502d54" executionId="c423e910-e567-49d6-a0e5-443602e9a03a" testListId="8c84fa94-04c1-424b-9868-57a2d4851a1d" />
    <TestEntry testId="b6b58e28-3b04-2c8c-f769-1a7df81e6909" executionId="9e7ddf2a-2e51-4de6-89fd-b7efc2f1d4cd" testListId="8c84fa94-04c1-424b-9868-57a2d4851a1d" />
    <TestEntry testId="e09b6ee3-6adb-583c-298b-31fc53845012" executionId="bcebc30b-0d9f-4cf4-ac48-6e3b379cc624" testListId="8c84fa94-04c1-424b-9868-57a2d4851a1d" />
    <TestEntry testId="eacf7a4f-2837-a160-f657-d3f10620e720" executionId="08667c87-178b-4f60-b11d-8d6b81c8b739" testListId="8c84fa94-04c1-424b-9868-57a2d4851a1d" />
  </TestEntries>
  <Results>
    <UnitTestResult executionId="be7a36ef-70c1-4c32-a561-6fac107de342" testId="024d40ba-0108-34cf-0ae3-b03946470ff9" testName="setStreamSourceTest" computerName="DB-PC" startTime="2012-07-12T11:27:55.0862950+01:00" endTime="2012-07-12T11:27:55.1242971+01:00" testType="13cdc9d9-ddb5-4fa4-a97d-d965ccfc6d4b" outcome="Failed" testListId="8c84fa94-04c1-424b-9868-57a2d4851a1d" relativeResultsDirectory="be7a36ef-70c1-4c32-a561-6fac107de342">
      <Output>
        <ErrorInfo>
          <Message>The Web site path 'C:\Users\eoiny\Documents\GitHub\EF-Group-Project\teamcanada\teamcanada' does not exist. Tests configured to run in ASP.NET Development Server must specify a valid path to the Web site. Correct the AspNetDevelopmentServerHost attribute for the test. For more information about ASP.NET unit tests, see "How to: Create an ASP.NET Unit Test" (http://go.microsoft.com/fwlink/?LinkId=62608) and "Testing Web Services" (http://go.microsoft.com/fwlink/?LinkId=62609) in the MSDN Library.</Message>
        </ErrorInfo>
      </Output>
    </UnitTestResult>
    <UnitTestResult executionId="ed7da8e4-5ce0-49b4-941d-cf7637c1d84d" testId="1c476c79-de79-c4b0-9feb-11589fb7c420" testName="TestMethod1" computerName="DB-PC" duration="00:00:00.0254856" startTime="2012-07-12T11:27:55.1452983+01:00" endTime="2012-07-12T11:27:55.6263259+01:00" testType="13cdc9d9-ddb5-4fa4-a97d-d965ccfc6d4b" outcome="Passed" testListId="8c84fa94-04c1-424b-9868-57a2d4851a1d" relativeResultsDirectory="ed7da8e4-5ce0-49b4-941d-cf7637c1d84d">
    </UnitTestResult>
    <UnitTestResult executionId="7de87010-1465-4378-b730-d5f3254ff3c1" testId="586ab063-d1f6-1acc-fda4-6547b397d6f8" testName="UserNameTest" computerName="DB-PC" startTime="2012-07-12T11:27:55.6593277+01:00" endTime="2012-07-12T11:28:35.9896345+01:00" testType="13cdc9d9-ddb5-4fa4-a97d-d965ccfc6d4b" outcome="Failed" testListId="8c84fa94-04c1-424b-9868-57a2d4851a1d" relativeResultsDirectory="7de87010-1465-4378-b730-d5f3254ff3c1">
      <Output>
        <ErrorInfo>
          <Message>The Web request 'http://localhost:53507/' completed successfully without running the test. This can occur when configuring the Web application for testing fails (an ASP.NET server error occurs when processing the request), or when no ASP.NET page is executed (the URL may point to an HTML page, a Web service, or a directory listing). Running tests in ASP.NET requires the URL to resolve to an ASP.NET page and for the page to execute properly up to the Load event. The response from the request is stored in the file 'WebRequestResponse_UserNameTest.html' with the test results; typically this file can be opened with a Web browser to view its contents.</Message>
        </ErrorInfo>
      </Output>
      <ResultFiles>
        <ResultFile path="DB-PC\WebRequestResponse_UserNameTest.html" />
      </ResultFiles>
    </UnitTestResult>
    <UnitTestResult executionId="7cbd495d-b81c-4fde-b24a-ae2a498535df" testId="5e9e1c92-5d82-056c-f7ca-1ce949c99aec" testName="TestMethod1" computerName="DB-PC" duration="00:00:00.0006169" startTime="2012-07-12T11:28:35.9956348+01:00" endTime="2012-07-12T11:28:36.0136359+01:00" testType="13cdc9d9-ddb5-4fa4-a97d-d965ccfc6d4b" outcome="Passed" testListId="8c84fa94-04c1-424b-9868-57a2d4851a1d" relativeResultsDirectory="7cbd495d-b81c-4fde-b24a-ae2a498535df">
    </UnitTestResult>
    <UnitTestResult executionId="76c3cca7-40ab-49a9-ba54-3309fb8b4d2c" testId="60a5a36c-81c6-bb2a-ec39-e1a882e6af19" testName="parseContributionsTest" computerName="DB-PC" startTime="2012-07-12T11:28:36.0176361+01:00" endTime="2012-07-12T11:28:36.0356371+01:00" testType="13cdc9d9-ddb5-4fa4-a97d-d965ccfc6d4b" outcome="Failed" testListId="8c84fa94-04c1-424b-9868-57a2d4851a1d" relativeResultsDirectory="76c3cca7-40ab-49a9-ba54-3309fb8b4d2c">
      <Output>
        <ErrorInfo>
          <Message>The Web site path 'C:\Users\eoiny\Documents\GitHub\EF-Group-Project\teamcanada\teamcanada' does not exist. Tests configured to run in ASP.NET Development Server must specify a valid path to the Web site. Correct the AspNetDevelopmentServerHost attribute for the test. For more information about ASP.NET unit tests, see "How to: Create an ASP.NET Unit Test" (http://go.microsoft.com/fwlink/?LinkId=62608) and "Testing Web Services" (http://go.microsoft.com/fwlink/?LinkId=62609) in the MSDN Library.</Message>
        </ErrorInfo>
      </Output>
    </UnitTestResult>
    <UnitTestResult executionId="60888ddd-10ca-4fc3-8965-c4293044244e" testId="74ca8a36-e891-f25a-640a-0f8d082ea528" testName="supportsTypeTest" computerName="DB-PC" startTime="2012-07-12T11:28:36.0426375+01:00" endTime="2012-07-12T11:28:45.1611591+01:00" testType="13cdc9d9-ddb5-4fa4-a97d-d965ccfc6d4b" outcome="Failed" testListId="8c84fa94-04c1-424b-9868-57a2d4851a1d" relativeResultsDirectory="60888ddd-10ca-4fc3-8965-c4293044244e">
      <Output>
        <ErrorInfo>
          <Message>The Web request 'http://localhost:53507/' completed successfully without running the test. This can occur when configuring the Web application for testing fails (an ASP.NET server error occurs when processing the request), or when no ASP.NET page is executed (the URL may point to an HTML page, a Web service, or a directory listing). Running tests in ASP.NET requires the URL to resolve to an ASP.NET page and for the page to execute properly up to the Load event. The response from the request is stored in the file 'WebRequestResponse_supportsTypeTest.html' with the test results; typically this file can be opened with a Web browser to view its contents.</Message>
        </ErrorInfo>
      </Output>
      <ResultFiles>
        <ResultFile path="DB-PC\WebRequestResponse_supportsTypeTest.html" />
      </ResultFiles>
    </UnitTestResult>
    <UnitTestResult executionId="c423e910-e567-49d6-a0e5-443602e9a03a" testId="7d6b2b80-c2ff-3041-bc0a-72ebef502d54" testName="RememberMeTest" computerName="DB-PC" startTime="2012-07-12T11:28:45.1781601+01:00" endTime="2012-07-12T11:28:45.6891893+01:00" testType="13cdc9d9-ddb5-4fa4-a97d-d965ccfc6d4b" outcome="Failed" testListId="8c84fa94-04c1-424b-9868-57a2d4851a1d" relativeResultsDirectory="c423e910-e567-49d6-a0e5-443602e9a03a">
      <Output>
        <ErrorInfo>
          <Message>The Web request 'http://localhost:53507/' completed successfully without running the test. This can occur when configuring the Web application for testing fails (an ASP.NET server error occurs when processing the request), or when no ASP.NET page is executed (the URL may point to an HTML page, a Web service, or a directory listing). Running tests in ASP.NET requires the URL to resolve to an ASP.NET page and for the page to execute properly up to the Load event. The response from the request is stored in the file 'WebRequestResponse_RememberMeTest.html' with the test results; typically this file can be opened with a Web browser to view its contents.</Message>
        </ErrorInfo>
      </Output>
      <ResultFiles>
        <ResultFile path="DB-PC\WebRequestResponse_RememberMeTest.html" />
      </ResultFiles>
    </UnitTestResult>
    <UnitTestResult executionId="9e7ddf2a-2e51-4de6-89fd-b7efc2f1d4cd" testId="b6b58e28-3b04-2c8c-f769-1a7df81e6909" testName="parseResultsTest" computerName="DB-PC" startTime="2012-07-12T11:28:45.6911894+01:00" endTime="2012-07-12T11:28:45.6941896+01:00" testType="13cdc9d9-ddb5-4fa4-a97d-d965ccfc6d4b" outcome="Failed" testListId="8c84fa94-04c1-424b-9868-57a2d4851a1d" relativeResultsDirectory="9e7ddf2a-2e51-4de6-89fd-b7efc2f1d4cd">
      <Output>
        <ErrorInfo>
          <Message>The Web site path 'C:\Users\eoiny\Documents\GitHub\EF-Group-Project\teamcanada\teamcanada' does not exist. Tests configured to run in ASP.NET Development Server must specify a valid path to the Web site. Correct the AspNetDevelopmentServerHost attribute for the test. For more information about ASP.NET unit tests, see "How to: Create an ASP.NET Unit Test" (http://go.microsoft.com/fwlink/?LinkId=62608) and "Testing Web Services" (http://go.microsoft.com/fwlink/?LinkId=62609) in the MSDN Library.</Message>
        </ErrorInfo>
      </Output>
    </UnitTestResult>
    <UnitTestResult executionId="bcebc30b-0d9f-4cf4-ac48-6e3b379cc624" testId="e09b6ee3-6adb-583c-298b-31fc53845012" testName="PasswordTest" computerName="DB-PC" startTime="2012-07-12T11:28:45.6971897+01:00" endTime="2012-07-12T11:28:46.1522158+01:00" testType="13cdc9d9-ddb5-4fa4-a97d-d965ccfc6d4b" outcome="Failed" testListId="8c84fa94-04c1-424b-9868-57a2d4851a1d" relativeResultsDirectory="bcebc30b-0d9f-4cf4-ac48-6e3b379cc624">
      <Output>
        <ErrorInfo>
          <Message>The Web request 'http://localhost:53507/' completed successfully without running the test. This can occur when configuring the Web application for testing fails (an ASP.NET server error occurs when processing the request), or when no ASP.NET page is executed (the URL may point to an HTML page, a Web service, or a directory listing). Running tests in ASP.NET requires the URL to resolve to an ASP.NET page and for the page to execute properly up to the Load event. The response from the request is stored in the file 'WebRequestResponse_PasswordTest.html' with the test results; typically this file can be opened with a Web browser to view its contents.</Message>
        </ErrorInfo>
      </Output>
      <ResultFiles>
        <ResultFile path="DB-PC\WebRequestResponse_PasswordTest.html" />
      </ResultFiles>
    </UnitTestResult>
    <UnitTestResult executionId="08667c87-178b-4f60-b11d-8d6b81c8b739" testId="eacf7a4f-2837-a160-f657-d3f10620e720" testName="LoginModelConstructorTest" computerName="DB-PC" startTime="2012-07-12T11:28:46.1572161+01:00" endTime="2012-07-12T11:28:46.6972469+01:00" testType="13cdc9d9-ddb5-4fa4-a97d-d965ccfc6d4b" outcome="Failed" testListId="8c84fa94-04c1-424b-9868-57a2d4851a1d" relativeResultsDirectory="08667c87-178b-4f60-b11d-8d6b81c8b739">
      <Output>
        <ErrorInfo>
          <Message>The Web request 'http://localhost:53507/' completed successfully without running the test. This can occur when configuring the Web application for testing fails (an ASP.NET server error occurs when processing the request), or when no ASP.NET page is executed (the URL may point to an HTML page, a Web service, or a directory listing). Running tests in ASP.NET requires the URL to resolve to an ASP.NET page and for the page to execute properly up to the Load event. The response from the request is stored in the file 'WebRequestResponse_LoginModelConstructo.html' with the test results; typically this file can be opened with a Web browser to view its contents.</Message>
        </ErrorInfo>
      </Output>
      <ResultFiles>
        <ResultFile path="DB-PC\WebRequestResponse_LoginModelConstructo.html" />
      </ResultFiles>
    </UnitTestResult>
  </Results>
</TestRun>