<?xml version="1.0" encoding="UTF-8"?>
<TestRun id="652463db-2dfd-4930-b5db-04905ba1b37a" name="DB@DB-PC 2012-07-17 10:57:03" runUser="DB-PC\DB" xmlns="http://microsoft.com/schemas/VisualStudio/TeamTest/2010">
  <TestSettings name="Default Test Settings" id="b5c30853-ba88-4cda-8a51-6c60063afd9a">
    <Deployment runDeploymentRoot="DB_DB-PC 2012-07-17 10_57_03">
      <DeploymentItem filename="C:\Users\DB\Documents\GitHub\EF-Group-Project\teamcanada\teamcanada.Tests\bin\Debug\Antlr3.Runtime.dll" />
      <DeploymentItem filename="C:\Users\DB\Documents\GitHub\EF-Group-Project\teamcanada\teamcanada\bin\teamcanada.dll" />
      <DeploymentItem filename="C:\Users\DB\Documents\GitHub\EF-Group-Project\teamcanada\packages\Microsoft.AspNet.WebApi.Client.4.0.20505.0\lib\net40\System.Net.Http.Formatting.dll" />
      <DeploymentItem filename="C:\Users\DB\Documents\GitHub\EF-Group-Project\teamcanada\packages\Microsoft.AspNet.WebPages.2.0.20505.0\lib\net40\System.Web.WebPages.dll" />
      <DeploymentItem filename="C:\Users\DB\Documents\GitHub\EF-Group-Project\teamcanada\packages\Microsoft.Web.Infrastructure.1.0.0.0\lib\net40\Microsoft.Web.Infrastructure.dll" />
      <DeploymentItem filename="C:\Users\DB\Documents\GitHub\EF-Group-Project\teamcanada\packages\Microsoft.AspNet.WebPages.2.0.20505.0\lib\net40\System.Web.WebPages.Deployment.dll" />
      <DeploymentItem filename="C:\Users\DB\Documents\GitHub\EF-Group-Project\teamcanada\packages\Microsoft.AspNet.WebApi.WebHost.4.0.20505.0\lib\net40\System.Web.Http.WebHost.dll" />
      <DeploymentItem filename="C:\Users\DB\Documents\GitHub\EF-Group-Project\teamcanada\packages\Microsoft.AspNet.WebApi.Core.4.0.20505.0\lib\net40\System.Web.Http.dll" />
      <DeploymentItem filename="C:\Users\DB\Documents\GitHub\EF-Group-Project\teamcanada\packages\Microsoft.AspNet.Providers.Core.1.0\lib\net40\System.Web.Providers.dll" />
      <DeploymentItem filename="C:\Users\DB\Documents\GitHub\EF-Group-Project\teamcanada\packages\Newtonsoft.Json.4.5.1\lib\net40\Newtonsoft.Json.dll" />
      <DeploymentItem filename="C:\Users\DB\Documents\GitHub\EF-Group-Project\teamcanada\teamcanada.Tests\bin\Debug\LumenWorks.Framework.IO.dll" />
      <DeploymentItem filename="C:\Users\DB\Documents\GitHub\EF-Group-Project\teamcanada\teamcanada.Tests\bin\Debug\System.Web.Optimization.dll" />
      <DeploymentItem filename="C:\Users\DB\Documents\GitHub\EF-Group-Project\teamcanada\packages\EntityFramework.5.0.0-rc\lib\net40\EntityFramework.dll" />
      <DeploymentItem filename="C:\Users\DB\Documents\GitHub\EF-Group-Project\teamcanada\packages\Microsoft.AspNet.Razor.2.0.20505.0\lib\net40\System.Web.Razor.dll" />
      <DeploymentItem filename="C:\Users\DB\Documents\GitHub\EF-Group-Project\teamcanada\packages\Microsoft.Net.Http.2.0.20505.0\lib\net40\System.Net.Http.dll" />
      <DeploymentItem filename="C:\Users\DB\Documents\GitHub\EF-Group-Project\teamcanada\packages\Microsoft.AspNet.WebPages.2.0.20505.0\lib\net40\System.Web.WebPages.Razor.dll" />
      <DeploymentItem filename="C:\Users\DB\Documents\GitHub\EF-Group-Project\teamcanada\packages\Microsoft.AspNet.WebPages.2.0.20505.0\lib\net40\System.Web.Helpers.dll" />
      <DeploymentItem filename="C:\Users\DB\Documents\GitHub\EF-Group-Project\teamcanada\packages\Microsoft.Net.Http.2.0.20505.0\lib\net40\System.Net.Http.WebRequest.dll" />
      <DeploymentItem filename="C:\Users\DB\Documents\GitHub\EF-Group-Project\teamcanada\packages\Microsoft.AspNet.Mvc.4.0.20505.0\lib\net40\System.Web.Mvc.dll" />
      <DeploymentItem filename="C:\Users\DB\Documents\GitHub\EF-Group-Project\teamcanada\teamcanada.Tests\bin\Debug\WebGrease.dll" />
    </Deployment>
    <Execution>
      <TestTypeSpecific />
      <AgentRule name="Execution Agents">
      </AgentRule>
    </Execution>
  </TestSettings>
  <Times creation="2012-07-17T10:57:03.8517542+01:00" queuing="2012-07-17T10:57:04.2887792+01:00" start="2012-07-17T10:57:04.4497884+01:00" finish="2012-07-17T10:57:04.9478169+01:00" />
  <ResultSummary outcome="Failed">
    <Counters total="2" executed="2" passed="1" error="0" failed="1" timeout="0" aborted="0" inconclusive="0" passedButRunAborted="0" notRunnable="0" notExecuted="0" disconnected="0" warning="0" completed="0" inProgress="0" pending="0" />
  </ResultSummary>
  <TestDefinitions>
    <UnitTest name="Index_Get_AsksForIndexView" storage="c:\users\db\documents\github\ef-group-project\teamcanada\teamcanada.tests\bin\debug\teamcanada.tests.dll" id="d589b3b2-74f9-3305-6ca0-aa06fc50ff85">
      <Execution id="e10f78cc-fd96-4195-83f6-b348cb5879a9" />
      <TestMethod codeBase="C:/Users/DB/Documents/GitHub/EF-Group-Project/teamcanada/teamcanada.Tests/bin/Debug/teamcanada.Tests.DLL" adapterTypeName="Microsoft.VisualStudio.TestTools.TestTypes.Unit.UnitTestAdapter, Microsoft.VisualStudio.QualityTools.Tips.UnitTest.Adapter, Version=10.0.0.0, Culture=neutral, PublicKeyToken=b03f5f7f11d50a3a" className="teamcanada.Tests.Controllers.HomeControllerTest, teamcanada.Tests, Version=1.0.0.0, Culture=neutral, PublicKeyToken=null" name="Index_Get_AsksForIndexView" />
    </UnitTest>
    <UnitTest name="TestMethod1" storage="c:\users\db\documents\github\ef-group-project\teamcanada\teamcanada.tests\bin\debug\teamcanada.tests.dll" id="1c476c79-de79-c4b0-9feb-11589fb7c420">
      <Execution id="e011716d-137a-4103-a81c-f83e3bcc9b40" />
      <TestMethod codeBase="C:/Users/DB/Documents/GitHub/EF-Group-Project/teamcanada/teamcanada.Tests/bin/Debug/teamcanada.Tests.DLL" adapterTypeName="Microsoft.VisualStudio.TestTools.TestTypes.Unit.UnitTestAdapter, Microsoft.VisualStudio.QualityTools.Tips.UnitTest.Adapter, Version=10.0.0.0, Culture=neutral, PublicKeyToken=b03f5f7f11d50a3a" className="teamcanada.Tests.UnitTest1, teamcanada.Tests, Version=1.0.0.0, Culture=neutral, PublicKeyToken=null" name="TestMethod1" />
    </UnitTest>
  </TestDefinitions>
  <TestLists>
    <TestList name="Results Not in a List" id="8c84fa94-04c1-424b-9868-57a2d4851a1d" />
    <TestList name="All Loaded Results" id="19431567-8539-422a-85d7-44ee4e166bda" />
  </TestLists>
  <TestEntries>
    <TestEntry testId="1c476c79-de79-c4b0-9feb-11589fb7c420" executionId="e011716d-137a-4103-a81c-f83e3bcc9b40" testListId="8c84fa94-04c1-424b-9868-57a2d4851a1d" />
    <TestEntry testId="d589b3b2-74f9-3305-6ca0-aa06fc50ff85" executionId="e10f78cc-fd96-4195-83f6-b348cb5879a9" testListId="8c84fa94-04c1-424b-9868-57a2d4851a1d" />
  </TestEntries>
  <Results>
    <UnitTestResult executionId="e011716d-137a-4103-a81c-f83e3bcc9b40" testId="1c476c79-de79-c4b0-9feb-11589fb7c420" testName="TestMethod1" computerName="DB-PC" duration="00:00:00.0197369" startTime="2012-07-17T10:57:04.5997970+01:00" endTime="2012-07-17T10:57:04.8888136+01:00" testType="13cdc9d9-ddb5-4fa4-a97d-d965ccfc6d4b" outcome="Passed" testListId="8c84fa94-04c1-424b-9868-57a2d4851a1d" relativeResultsDirectory="e011716d-137a-4103-a81c-f83e3bcc9b40">
    </UnitTestResult>
    <UnitTestResult executionId="e10f78cc-fd96-4195-83f6-b348cb5879a9" testId="d589b3b2-74f9-3305-6ca0-aa06fc50ff85" testName="Index_Get_AsksForIndexView" computerName="DB-PC" duration="00:00:00.0315854" startTime="2012-07-17T10:57:04.8908137+01:00" endTime="2012-07-17T10:57:04.9278158+01:00" testType="13cdc9d9-ddb5-4fa4-a97d-d965ccfc6d4b" outcome="Failed" testListId="8c84fa94-04c1-424b-9868-57a2d4851a1d" relativeResultsDirectory="e10f78cc-fd96-4195-83f6-b348cb5879a9">
      <Output>
        <ErrorInfo>
          <Message>Test method teamcanada.Tests.Controllers.HomeControllerTest.Index_Get_AsksForIndexView threw exception: 
System.NotImplementedException: The method or operation is not implemented.</Message>
          <StackTrace>    at teamcanada.Controllers.HomeController.Index() in C:\Users\DB\Documents\GitHub\EF-Group-Project\teamcanada\teamcanada\Controllers\HomeController.cs:line 62
   at teamcanada.Tests.Controllers.HomeControllerTest.Index_Get_AsksForIndexView() in C:\Users\DB\Documents\GitHub\EF-Group-Project\teamcanada\teamcanada.Tests\Controllers\HomeControllerTest.cs:line 79
</StackTrace>
        </ErrorInfo>
      </Output>
    </UnitTestResult>
  </Results>
</TestRun>