<?xml version="1.0" encoding="UTF-8"?>
<TestRun id="8d9efeb7-0d0c-46c1-90d1-d1d5799bd5af" name="DB@DB-PC 2012-07-23 11:03:04" runUser="DB-PC\DB" xmlns="http://microsoft.com/schemas/VisualStudio/TeamTest/2010">
  <TestSettings name="Default Test Settings" id="dd0db420-e5ea-4099-b846-95839680df0d">
    <Deployment runDeploymentRoot="DB_DB-PC 2012-07-23 11_03_04">
      <DeploymentItem filename="C:\Users\DB\Documents\GitHub\EF-Group-Project\darraghTestWork\teamcanada\packages\Microsoft.AspNet.WebApi.Core.4.0.20505.0\lib\net40\System.Web.Http.dll" />
      <DeploymentItem filename="C:\Users\DB\Documents\GitHub\EF-Group-Project\darraghTestWork\teamcanada\packages\Microsoft.AspNet.WebApi.Client.4.0.20505.0\lib\net40\System.Net.Http.Formatting.dll" />
      <DeploymentItem filename="C:\Users\DB\Documents\GitHub\EF-Group-Project\darraghTestWork\teamcanada\teamcanada.Tests\bin\Debug\WebGrease.dll" />
      <DeploymentItem filename="C:\Users\DB\Documents\GitHub\EF-Group-Project\darraghTestWork\teamcanada\packages\Newtonsoft.Json.4.5.1\lib\net40\Newtonsoft.Json.dll" />
      <DeploymentItem filename="C:\Users\DB\Documents\GitHub\EF-Group-Project\darraghTestWork\teamcanada\packages\Microsoft.AspNet.WebApi.WebHost.4.0.20505.0\lib\net40\System.Web.Http.WebHost.dll" />
      <DeploymentItem filename="C:\Users\DB\Documents\GitHub\EF-Group-Project\darraghTestWork\teamcanada\packages\Microsoft.Web.Infrastructure.1.0.0.0\lib\net40\Microsoft.Web.Infrastructure.dll" />
      <DeploymentItem filename="C:\Users\DB\Documents\GitHub\EF-Group-Project\darraghTestWork\teamcanada\teamcanada.Tests\bin\Debug\System.Web.Optimization.dll" />
      <DeploymentItem filename="C:\Users\DB\Documents\GitHub\EF-Group-Project\darraghTestWork\teamcanada\teamcanada.Tests\bin\Debug\Antlr3.Runtime.dll" />
      <DeploymentItem filename="C:\Users\DB\Documents\GitHub\EF-Group-Project\darraghTestWork\teamcanada\teamcanada\bin\teamcanada.dll" />
      <DeploymentItem filename="C:\Users\DB\Documents\GitHub\EF-Group-Project\darraghTestWork\teamcanada\packages\Microsoft.Net.Http.2.0.20505.0\lib\net40\System.Net.Http.dll" />
      <DeploymentItem filename="C:\Users\DB\Documents\GitHub\EF-Group-Project\darraghTestWork\teamcanada\packages\EntityFramework.5.0.0-rc\lib\net40\EntityFramework.dll" />
      <DeploymentItem filename="C:\Users\DB\Documents\GitHub\EF-Group-Project\darraghTestWork\teamcanada\packages\Microsoft.AspNet.WebPages.2.0.20505.0\lib\net40\System.Web.Helpers.dll" />
      <DeploymentItem filename="C:\Users\DB\Documents\GitHub\EF-Group-Project\darraghTestWork\teamcanada\packages\Microsoft.AspNet.WebPages.2.0.20505.0\lib\net40\System.Web.WebPages.dll" />
      <DeploymentItem filename="C:\Users\DB\Documents\GitHub\EF-Group-Project\darraghTestWork\teamcanada\packages\Microsoft.AspNet.Providers.Core.1.0\lib\net40\System.Web.Providers.dll" />
      <DeploymentItem filename="C:\Users\DB\Documents\GitHub\EF-Group-Project\darraghTestWork\teamcanada\teamcanada.Tests\bin\Debug\LumenWorks.Framework.IO.dll" />
      <DeploymentItem filename="C:\Users\DB\Documents\GitHub\EF-Group-Project\darraghTestWork\teamcanada\packages\Microsoft.AspNet.WebPages.2.0.20505.0\lib\net40\System.Web.WebPages.Deployment.dll" />
      <DeploymentItem filename="C:\Users\DB\Documents\GitHub\EF-Group-Project\darraghTestWork\teamcanada\packages\Microsoft.AspNet.Mvc.4.0.20505.0\lib\net40\System.Web.Mvc.dll" />
      <DeploymentItem filename="C:\Users\DB\Documents\GitHub\EF-Group-Project\darraghTestWork\teamcanada\packages\Microsoft.Net.Http.2.0.20505.0\lib\net40\System.Net.Http.WebRequest.dll" />
      <DeploymentItem filename="C:\Users\DB\Documents\GitHub\EF-Group-Project\darraghTestWork\teamcanada\packages\Microsoft.AspNet.WebPages.2.0.20505.0\lib\net40\System.Web.WebPages.Razor.dll" />
      <DeploymentItem filename="C:\Users\DB\Documents\GitHub\EF-Group-Project\darraghTestWork\teamcanada\packages\Microsoft.AspNet.Razor.2.0.20505.0\lib\net40\System.Web.Razor.dll" />
    </Deployment>
    <Execution>
      <TestTypeSpecific />
      <AgentRule name="Execution Agents">
      </AgentRule>
    </Execution>
  </TestSettings>
  <Times creation="2012-07-23T11:03:04.5732914+01:00" queuing="2012-07-23T11:03:06.6344092+01:00" start="2012-07-23T11:03:06.7004130+01:00" finish="2012-07-23T11:03:07.4224543+01:00" />
  <ResultSummary outcome="Failed">
    <Counters total="6" executed="6" passed="5" error="0" failed="1" timeout="0" aborted="0" inconclusive="0" passedButRunAborted="0" notRunnable="0" notExecuted="0" disconnected="0" warning="0" completed="0" inProgress="0" pending="0" />
  </ResultSummary>
  <TestDefinitions>
    <UnitTest name="notCSV" storage="c:\users\db\documents\github\ef-group-project\darraghtestwork\teamcanada\teamcanada.tests\bin\debug\teamcanada.tests.dll" id="26b27bdd-b571-8e85-3fba-e429ec6da46a">
      <Execution id="82855682-0022-483e-9c92-1bf743a1c5d5" />
      <TestMethod codeBase="C:/Users/DB/Documents/GitHub/EF-Group-Project/darraghTestWork/teamcanada/teamcanada.Tests/bin/Debug/teamcanada.Tests.DLL" adapterTypeName="Microsoft.VisualStudio.TestTools.TestTypes.Unit.UnitTestAdapter, Microsoft.VisualStudio.QualityTools.Tips.UnitTest.Adapter, Version=10.0.0.0, Culture=neutral, PublicKeyToken=b03f5f7f11d50a3a" className="teamcanada.Tests.ResultsParseTest, teamcanada.Tests, Version=1.0.0.0, Culture=neutral, PublicKeyToken=null" name="notCSV" />
    </UnitTest>
    <UnitTest name="supportsTypeTest" storage="c:\users\db\documents\github\ef-group-project\darraghtestwork\teamcanada\teamcanada.tests\bin\debug\teamcanada.tests.dll" id="53003f27-50a8-4e72-8db5-25eddfad9bef">
      <Execution id="9ee692af-3d07-4921-9682-aacc45b6e819" />
      <TestMethod codeBase="C:/Users/DB/Documents/GitHub/EF-Group-Project/darraghTestWork/teamcanada/teamcanada.Tests/bin/Debug/teamcanada.Tests.DLL" adapterTypeName="Microsoft.VisualStudio.TestTools.TestTypes.Unit.UnitTestAdapter, Microsoft.VisualStudio.QualityTools.Tips.UnitTest.Adapter, Version=10.0.0.0, Culture=neutral, PublicKeyToken=b03f5f7f11d50a3a" className="teamcanada.Tests.ResultsParseTest, teamcanada.Tests, Version=1.0.0.0, Culture=neutral, PublicKeyToken=null" name="supportsTypeTest" />
    </UnitTest>
    <UnitTest name="Index_Get_RetrievesAllContributionsFromRepository2" storage="c:\users\db\documents\github\ef-group-project\darraghtestwork\teamcanada\teamcanada.tests\bin\debug\teamcanada.tests.dll" id="e9bef975-94b0-3198-0e11-ae8b66c60d32">
      <Execution id="d607c79c-00c9-4564-b071-fb079909b221" />
      <TestMethod codeBase="C:/Users/DB/Documents/GitHub/EF-Group-Project/darraghTestWork/teamcanada/teamcanada.Tests/bin/Debug/teamcanada.Tests.DLL" adapterTypeName="Microsoft.VisualStudio.TestTools.TestTypes.Unit.UnitTestAdapter, Microsoft.VisualStudio.QualityTools.Tips.UnitTest.Adapter, Version=10.0.0.0, Culture=neutral, PublicKeyToken=b03f5f7f11d50a3a" className="teamcanada.Tests.Controllers.HomeController2Test, teamcanada.Tests, Version=1.0.0.0, Culture=neutral, PublicKeyToken=null" name="Index_Get_RetrievesAllContributionsFromRepository2" />
    </UnitTest>
    <UnitTest name="nullCSV" storage="c:\users\db\documents\github\ef-group-project\darraghtestwork\teamcanada\teamcanada.tests\bin\debug\teamcanada.tests.dll" id="d7c3a872-a480-3907-3ae3-052dfa6e2244">
      <Execution id="4e281cd6-3589-4f0a-ac1c-d92e377baaba" />
      <TestMethod codeBase="C:/Users/DB/Documents/GitHub/EF-Group-Project/darraghTestWork/teamcanada/teamcanada.Tests/bin/Debug/teamcanada.Tests.DLL" adapterTypeName="Microsoft.VisualStudio.TestTools.TestTypes.Unit.UnitTestAdapter, Microsoft.VisualStudio.QualityTools.Tips.UnitTest.Adapter, Version=10.0.0.0, Culture=neutral, PublicKeyToken=b03f5f7f11d50a3a" className="teamcanada.Tests.ResultsParseTest, teamcanada.Tests, Version=1.0.0.0, Culture=neutral, PublicKeyToken=null" name="nullCSV" />
    </UnitTest>
    <UnitTest name="Index_Get_RetrievesAllContributionsFromRepository" storage="c:\users\db\documents\github\ef-group-project\darraghtestwork\teamcanada\teamcanada.tests\bin\debug\teamcanada.tests.dll" id="4941eb76-ab9e-2806-6942-ab58e1ddf4a2">
      <Execution id="9865e221-214c-4926-8948-24353e93304c" />
      <TestMethod codeBase="C:/Users/DB/Documents/GitHub/EF-Group-Project/darraghTestWork/teamcanada/teamcanada.Tests/bin/Debug/teamcanada.Tests.DLL" adapterTypeName="Microsoft.VisualStudio.TestTools.TestTypes.Unit.UnitTestAdapter, Microsoft.VisualStudio.QualityTools.Tips.UnitTest.Adapter, Version=10.0.0.0, Culture=neutral, PublicKeyToken=b03f5f7f11d50a3a" className="teamcanada.Tests.Controllers.HomeController2Test, teamcanada.Tests, Version=1.0.0.0, Culture=neutral, PublicKeyToken=null" name="Index_Get_RetrievesAllContributionsFromRepository" />
    </UnitTest>
    <UnitTest name="Index_Get_AsksForIndexView" storage="c:\users\db\documents\github\ef-group-project\darraghtestwork\teamcanada\teamcanada.tests\bin\debug\teamcanada.tests.dll" id="af8e6f2a-4215-113b-1498-0851cedd99a5">
      <Execution id="122c443e-8aa6-4d0b-920a-dd6e125e52bd" />
      <TestMethod codeBase="C:/Users/DB/Documents/GitHub/EF-Group-Project/darraghTestWork/teamcanada/teamcanada.Tests/bin/Debug/teamcanada.Tests.DLL" adapterTypeName="Microsoft.VisualStudio.TestTools.TestTypes.Unit.UnitTestAdapter, Microsoft.VisualStudio.QualityTools.Tips.UnitTest.Adapter, Version=10.0.0.0, Culture=neutral, PublicKeyToken=b03f5f7f11d50a3a" className="teamcanada.Tests.Controllers.HomeController2Test, teamcanada.Tests, Version=1.0.0.0, Culture=neutral, PublicKeyToken=null" name="Index_Get_AsksForIndexView" />
    </UnitTest>
  </TestDefinitions>
  <TestLists>
    <TestList name="Results Not in a List" id="8c84fa94-04c1-424b-9868-57a2d4851a1d" />
    <TestList name="All Loaded Results" id="19431567-8539-422a-85d7-44ee4e166bda" />
  </TestLists>
  <TestEntries>
    <TestEntry testId="26b27bdd-b571-8e85-3fba-e429ec6da46a" executionId="82855682-0022-483e-9c92-1bf743a1c5d5" testListId="8c84fa94-04c1-424b-9868-57a2d4851a1d" />
    <TestEntry testId="4941eb76-ab9e-2806-6942-ab58e1ddf4a2" executionId="9865e221-214c-4926-8948-24353e93304c" testListId="8c84fa94-04c1-424b-9868-57a2d4851a1d" />
    <TestEntry testId="53003f27-50a8-4e72-8db5-25eddfad9bef" executionId="9ee692af-3d07-4921-9682-aacc45b6e819" testListId="8c84fa94-04c1-424b-9868-57a2d4851a1d" />
    <TestEntry testId="af8e6f2a-4215-113b-1498-0851cedd99a5" executionId="122c443e-8aa6-4d0b-920a-dd6e125e52bd" testListId="8c84fa94-04c1-424b-9868-57a2d4851a1d" />
    <TestEntry testId="d7c3a872-a480-3907-3ae3-052dfa6e2244" executionId="4e281cd6-3589-4f0a-ac1c-d92e377baaba" testListId="8c84fa94-04c1-424b-9868-57a2d4851a1d" />
    <TestEntry testId="e9bef975-94b0-3198-0e11-ae8b66c60d32" executionId="d607c79c-00c9-4564-b071-fb079909b221" testListId="8c84fa94-04c1-424b-9868-57a2d4851a1d" />
  </TestEntries>
  <Results>
    <UnitTestResult executionId="82855682-0022-483e-9c92-1bf743a1c5d5" testId="26b27bdd-b571-8e85-3fba-e429ec6da46a" testName="notCSV" computerName="DB-PC" duration="00:00:00.0207187" startTime="2012-07-23T11:03:06.7274146+01:00" endTime="2012-07-23T11:03:07.0724343+01:00" testType="13cdc9d9-ddb5-4fa4-a97d-d965ccfc6d4b" outcome="Passed" testListId="8c84fa94-04c1-424b-9868-57a2d4851a1d" relativeResultsDirectory="82855682-0022-483e-9c92-1bf743a1c5d5">
    </UnitTestResult>
    <UnitTestResult executionId="9865e221-214c-4926-8948-24353e93304c" testId="4941eb76-ab9e-2806-6942-ab58e1ddf4a2" testName="Index_Get_RetrievesAllContributionsFromRepository" computerName="DB-PC" duration="00:00:00.1360178" startTime="2012-07-23T11:03:07.0884352+01:00" endTime="2012-07-23T11:03:07.2574449+01:00" testType="13cdc9d9-ddb5-4fa4-a97d-d965ccfc6d4b" outcome="Passed" testListId="8c84fa94-04c1-424b-9868-57a2d4851a1d" relativeResultsDirectory="9865e221-214c-4926-8948-24353e93304c">
    </UnitTestResult>
    <UnitTestResult executionId="9ee692af-3d07-4921-9682-aacc45b6e819" testId="53003f27-50a8-4e72-8db5-25eddfad9bef" testName="supportsTypeTest" computerName="DB-PC" duration="00:00:00.0044926" startTime="2012-07-23T11:03:07.2614451+01:00" endTime="2012-07-23T11:03:07.2784461+01:00" testType="13cdc9d9-ddb5-4fa4-a97d-d965ccfc6d4b" outcome="Passed" testListId="8c84fa94-04c1-424b-9868-57a2d4851a1d" relativeResultsDirectory="9ee692af-3d07-4921-9682-aacc45b6e819">
    </UnitTestResult>
    <UnitTestResult executionId="122c443e-8aa6-4d0b-920a-dd6e125e52bd" testId="af8e6f2a-4215-113b-1498-0851cedd99a5" testName="Index_Get_AsksForIndexView" computerName="DB-PC" duration="00:00:00.0004152" startTime="2012-07-23T11:03:07.2804462+01:00" endTime="2012-07-23T11:03:07.2974472+01:00" testType="13cdc9d9-ddb5-4fa4-a97d-d965ccfc6d4b" outcome="Passed" testListId="8c84fa94-04c1-424b-9868-57a2d4851a1d" relativeResultsDirectory="122c443e-8aa6-4d0b-920a-dd6e125e52bd">
    </UnitTestResult>
    <UnitTestResult executionId="4e281cd6-3589-4f0a-ac1c-d92e377baaba" testId="d7c3a872-a480-3907-3ae3-052dfa6e2244" testName="nullCSV" computerName="DB-PC" duration="00:00:00.0013504" startTime="2012-07-23T11:03:07.2994473+01:00" endTime="2012-07-23T11:03:07.3114480+01:00" testType="13cdc9d9-ddb5-4fa4-a97d-d965ccfc6d4b" outcome="Passed" testListId="8c84fa94-04c1-424b-9868-57a2d4851a1d" relativeResultsDirectory="4e281cd6-3589-4f0a-ac1c-d92e377baaba">
    </UnitTestResult>
    <UnitTestResult executionId="d607c79c-00c9-4564-b071-fb079909b221" testId="e9bef975-94b0-3198-0e11-ae8b66c60d32" testName="Index_Get_RetrievesAllContributionsFromRepository2" computerName="DB-PC" duration="00:00:00.0254352" startTime="2012-07-23T11:03:07.3124480+01:00" endTime="2012-07-23T11:03:07.3484501+01:00" testType="13cdc9d9-ddb5-4fa4-a97d-d965ccfc6d4b" outcome="Failed" testListId="8c84fa94-04c1-424b-9868-57a2d4851a1d" relativeResultsDirectory="d607c79c-00c9-4564-b071-fb079909b221">
      <Output>
        <ErrorInfo>
          <Message>CollectionAssert.Contains failed. </Message>
          <StackTrace>   at teamcanada.Tests.Controllers.HomeController2Test.Index_Get_RetrievesAllContributionsFromRepository2() in C:\Users\DB\Documents\GitHub\EF-Group-Project\darraghTestWork\teamcanada\teamcanada.Tests\Controllers\HomeController2Test.cs:line 188
</StackTrace>
        </ErrorInfo>
      </Output>
    </UnitTestResult>
  </Results>
</TestRun>