<?xml version="1.0" encoding="UTF-8"?>
<TestRun id="b2da3748-3719-4ee3-883e-56463cbc2fdd" name="DB@DB-PC 2012-07-19 10:30:50" runUser="DB-PC\DB" xmlns="http://microsoft.com/schemas/VisualStudio/TeamTest/2010">
  <TestSettings name="Default Test Settings" id="64125e8e-15e6-4e8f-bb2c-21648baa1b67">
    <Deployment runDeploymentRoot="DB_DB-PC 2012-07-19 10_30_50">
      <DeploymentItem filename="C:\Users\DB\Documents\Visual Studio 2010\Projects\teamcanada\packages\EntityFramework.5.0.0-rc\lib\net40\EntityFramework.dll" />
      <DeploymentItem filename="C:\Users\DB\Documents\Visual Studio 2010\Projects\teamcanada\teamcanada.Tests\bin\Debug\WebGrease.dll" />
      <DeploymentItem filename="C:\Users\DB\Documents\Visual Studio 2010\Projects\teamcanada\packages\Microsoft.AspNet.Razor.2.0.20505.0\lib\net40\System.Web.Razor.dll" />
      <DeploymentItem filename="C:\Users\DB\Documents\Visual Studio 2010\Projects\teamcanada\packages\Microsoft.AspNet.Mvc.4.0.20505.0\lib\net40\System.Web.Mvc.dll" />
      <DeploymentItem filename="C:\Users\DB\Documents\Visual Studio 2010\Projects\teamcanada\packages\Microsoft.AspNet.WebPages.2.0.20505.0\lib\net40\System.Web.WebPages.Razor.dll" />
      <DeploymentItem filename="C:\Users\DB\Documents\Visual Studio 2010\Projects\teamcanada\teamcanada.Tests\bin\Debug\Antlr3.Runtime.dll" />
      <DeploymentItem filename="C:\Users\DB\Documents\Visual Studio 2010\Projects\teamcanada\packages\Microsoft.AspNet.WebPages.2.0.20505.0\lib\net40\System.Web.WebPages.dll" />
      <DeploymentItem filename="C:\Users\DB\Documents\Visual Studio 2010\Projects\teamcanada\teamcanada\bin\teamcanada.dll" />
      <DeploymentItem filename="C:\Users\DB\Documents\Visual Studio 2010\Projects\teamcanada\packages\Newtonsoft.Json.4.5.1\lib\net40\Newtonsoft.Json.dll" />
      <DeploymentItem filename="C:\Users\DB\Documents\Visual Studio 2010\Projects\teamcanada\packages\Microsoft.Net.Http.2.0.20505.0\lib\net40\System.Net.Http.dll" />
      <DeploymentItem filename="C:\Users\DB\Documents\Visual Studio 2010\Projects\teamcanada\packages\Microsoft.AspNet.WebApi.WebHost.4.0.20505.0\lib\net40\System.Web.Http.WebHost.dll" />
      <DeploymentItem filename="C:\Users\DB\Documents\Visual Studio 2010\Projects\teamcanada\packages\Microsoft.AspNet.WebApi.Client.4.0.20505.0\lib\net40\System.Net.Http.Formatting.dll" />
      <DeploymentItem filename="C:\Users\DB\Documents\Visual Studio 2010\Projects\teamcanada\teamcanada.Tests\bin\Debug\LumenWorks.Framework.IO.dll" />
      <DeploymentItem filename="C:\Users\DB\Documents\Visual Studio 2010\Projects\teamcanada\packages\Microsoft.AspNet.Providers.Core.1.0\lib\net40\System.Web.Providers.dll" />
      <DeploymentItem filename="C:\Users\DB\Documents\Visual Studio 2010\Projects\teamcanada\packages\Microsoft.AspNet.WebPages.2.0.20505.0\lib\net40\System.Web.WebPages.Deployment.dll" />
      <DeploymentItem filename="C:\Users\DB\Documents\Visual Studio 2010\Projects\teamcanada\packages\Microsoft.Web.Infrastructure.1.0.0.0\lib\net40\Microsoft.Web.Infrastructure.dll" />
      <DeploymentItem filename="C:\Users\DB\Documents\Visual Studio 2010\Projects\teamcanada\teamcanada.Tests\bin\Debug\System.Web.Optimization.dll" />
      <DeploymentItem filename="C:\Users\DB\Documents\Visual Studio 2010\Projects\teamcanada\packages\Microsoft.AspNet.WebPages.2.0.20505.0\lib\net40\System.Web.Helpers.dll" />
      <DeploymentItem filename="C:\Users\DB\Documents\Visual Studio 2010\Projects\teamcanada\packages\Microsoft.Net.Http.2.0.20505.0\lib\net40\System.Net.Http.WebRequest.dll" />
      <DeploymentItem filename="C:\Users\DB\Documents\Visual Studio 2010\Projects\teamcanada\packages\Microsoft.AspNet.WebApi.Core.4.0.20505.0\lib\net40\System.Web.Http.dll" />
    </Deployment>
    <Execution>
      <TestTypeSpecific />
      <AgentRule name="Execution Agents">
      </AgentRule>
    </Execution>
  </TestSettings>
  <Times creation="2012-07-19T10:30:50.2889763+01:00" queuing="2012-07-19T10:30:50.6289957+01:00" start="2012-07-19T10:30:50.6389963+01:00" finish="2012-07-19T10:30:51.0940223+01:00" />
  <ResultSummary outcome="Failed">
    <Counters total="6" executed="6" passed="1" error="0" failed="5" timeout="0" aborted="0" inconclusive="0" passedButRunAborted="0" notRunnable="0" notExecuted="0" disconnected="0" warning="0" completed="0" inProgress="0" pending="0" />
    <RunInfos>
      <RunInfo computerName="DB-PC" outcome="Warning" timestamp="2012-07-19T10:30:50.6259955+01:00">
        <Text>Warning: conflict during test run deployment: deployment item 'c:\users\db\documents\visual studio 2010\projects\teamcanada\teamcanada.tests\bin\debug\teamcanada.dll' directly or indirectly referenced by the test container 'c:\users\db\documents\visual studio 2010\projects\teamcanada\teamcanada.tests\bin\debug\teamcanada.tests.dll' cannot be deployed to 'teamcanada.dll' because otherwise the file 'c:\users\db\documents\visual studio 2010\projects\teamcanada\teamcanada.tests\bin\debug\teamcanada.dll' would overwrite deployment item 'C:\Users\DB\Documents\Visual Studio 2010\Projects\teamcanada\teamcanada\bin\teamcanada.dll' directly or indirectly referenced by C:\Users\DB\Documents\Visual Studio 2010\Projects\teamcanada\teamcanada.Tests\bin\Debug\teamcanada.Tests.dll.</Text>
      </RunInfo>
    </RunInfos>
  </ResultSummary>
  <TestDefinitions>
    <UnitTest name="Index_Get_RetrievesAllContributionsFromRepository" storage="c:\users\db\documents\visual studio 2010\projects\teamcanada\teamcanada.tests\bin\debug\teamcanada.tests.dll" id="78bca467-9567-542f-bc78-93a44624745f">
      <Execution id="a893cf83-298c-40f7-84d4-c2ecbc6039ca" />
      <TestMethod codeBase="C:/Users/DB/Documents/Visual Studio 2010/Projects/teamcanada/teamcanada.Tests/bin/Debug/teamcanada.Tests.DLL" adapterTypeName="Microsoft.VisualStudio.TestTools.TestTypes.Unit.UnitTestAdapter, Microsoft.VisualStudio.QualityTools.Tips.UnitTest.Adapter, Version=10.0.0.0, Culture=neutral, PublicKeyToken=b03f5f7f11d50a3a" className="teamcanada.Tests.Controllers.HomeControllerTest, teamcanada.Tests, Version=1.0.0.0, Culture=neutral, PublicKeyToken=null" name="Index_Get_RetrievesAllContributionsFromRepository" />
    </UnitTest>
    <UnitTest name="Index_Get_AsksForIndexView" storage="c:\users\db\documents\visual studio 2010\projects\teamcanada\teamcanada.tests\bin\debug\teamcanada.tests.dll" id="d589b3b2-74f9-3305-6ca0-aa06fc50ff85">
      <Execution id="da9b82bf-bbc4-4212-a7ee-04fcad052fc4" />
      <TestMethod codeBase="C:/Users/DB/Documents/Visual Studio 2010/Projects/teamcanada/teamcanada.Tests/bin/Debug/teamcanada.Tests.DLL" adapterTypeName="Microsoft.VisualStudio.TestTools.TestTypes.Unit.UnitTestAdapter, Microsoft.VisualStudio.QualityTools.Tips.UnitTest.Adapter, Version=10.0.0.0, Culture=neutral, PublicKeyToken=b03f5f7f11d50a3a" className="teamcanada.Tests.Controllers.HomeControllerTest, teamcanada.Tests, Version=1.0.0.0, Culture=neutral, PublicKeyToken=null" name="Index_Get_AsksForIndexView" />
    </UnitTest>
    <UnitTest name="Create_Post_ReturnsViewIfRepositoryThrowsException" storage="c:\users\db\documents\visual studio 2010\projects\teamcanada\teamcanada.tests\bin\debug\teamcanada.tests.dll" id="e20ab33e-9d42-ac03-8c8f-be0f94b4d5a9">
      <Execution id="ae89e387-51f3-42a9-927c-3977afcac223" />
      <TestMethod codeBase="C:/Users/DB/Documents/Visual Studio 2010/Projects/teamcanada/teamcanada.Tests/bin/Debug/teamcanada.Tests.DLL" adapterTypeName="Microsoft.VisualStudio.TestTools.TestTypes.Unit.UnitTestAdapter, Microsoft.VisualStudio.QualityTools.Tips.UnitTest.Adapter, Version=10.0.0.0, Culture=neutral, PublicKeyToken=b03f5f7f11d50a3a" className="teamcanada.Tests.Controllers.HomeControllerTest, teamcanada.Tests, Version=1.0.0.0, Culture=neutral, PublicKeyToken=null" name="Create_Post_ReturnsViewIfRepositoryThrowsException" />
    </UnitTest>
    <UnitTest name="Create_Post_PutsValidContributionIntoRepository" storage="c:\users\db\documents\visual studio 2010\projects\teamcanada\teamcanada.tests\bin\debug\teamcanada.tests.dll" id="1f4aa24c-7c64-0aa0-95ad-0905db410930">
      <Execution id="b0b50870-0f69-428a-a6fe-f88b5eb5d52d" />
      <TestMethod codeBase="C:/Users/DB/Documents/Visual Studio 2010/Projects/teamcanada/teamcanada.Tests/bin/Debug/teamcanada.Tests.DLL" adapterTypeName="Microsoft.VisualStudio.TestTools.TestTypes.Unit.UnitTestAdapter, Microsoft.VisualStudio.QualityTools.Tips.UnitTest.Adapter, Version=10.0.0.0, Culture=neutral, PublicKeyToken=b03f5f7f11d50a3a" className="teamcanada.Tests.Controllers.HomeControllerTest, teamcanada.Tests, Version=1.0.0.0, Culture=neutral, PublicKeyToken=null" name="Create_Post_PutsValidContributionIntoRepository" />
    </UnitTest>
    <UnitTest name="Create_Post_ReturnsViewIfModelStateIsNotValid" storage="c:\users\db\documents\visual studio 2010\projects\teamcanada\teamcanada.tests\bin\debug\teamcanada.tests.dll" id="9137be04-7cb3-27e9-8d66-0371723d9065">
      <Execution id="da86b062-b0ff-4604-afb4-fe9aac0ff1d8" />
      <TestMethod codeBase="C:/Users/DB/Documents/Visual Studio 2010/Projects/teamcanada/teamcanada.Tests/bin/Debug/teamcanada.Tests.DLL" adapterTypeName="Microsoft.VisualStudio.TestTools.TestTypes.Unit.UnitTestAdapter, Microsoft.VisualStudio.QualityTools.Tips.UnitTest.Adapter, Version=10.0.0.0, Culture=neutral, PublicKeyToken=b03f5f7f11d50a3a" className="teamcanada.Tests.Controllers.HomeControllerTest, teamcanada.Tests, Version=1.0.0.0, Culture=neutral, PublicKeyToken=null" name="Create_Post_ReturnsViewIfModelStateIsNotValid" />
    </UnitTest>
    <UnitTest name="TestMethod1" storage="c:\users\db\documents\visual studio 2010\projects\teamcanada\teamcanada.tests\bin\debug\teamcanada.tests.dll" id="1c476c79-de79-c4b0-9feb-11589fb7c420">
      <Execution id="7f0cca2c-21f7-4d52-85ec-35a0e9169613" />
      <TestMethod codeBase="C:/Users/DB/Documents/Visual Studio 2010/Projects/teamcanada/teamcanada.Tests/bin/Debug/teamcanada.Tests.DLL" adapterTypeName="Microsoft.VisualStudio.TestTools.TestTypes.Unit.UnitTestAdapter, Microsoft.VisualStudio.QualityTools.Tips.UnitTest.Adapter, Version=10.0.0.0, Culture=neutral, PublicKeyToken=b03f5f7f11d50a3a" className="teamcanada.Tests.UnitTest1, teamcanada.Tests, Version=1.0.0.0, Culture=neutral, PublicKeyToken=null" name="TestMethod1" />
    </UnitTest>
  </TestDefinitions>
  <TestLists>
    <TestList name="Results Not in a List" id="8c84fa94-04c1-424b-9868-57a2d4851a1d" />
    <TestList name="All Loaded Results" id="19431567-8539-422a-85d7-44ee4e166bda" />
  </TestLists>
  <TestEntries>
    <TestEntry testId="1c476c79-de79-c4b0-9feb-11589fb7c420" executionId="7f0cca2c-21f7-4d52-85ec-35a0e9169613" testListId="8c84fa94-04c1-424b-9868-57a2d4851a1d" />
    <TestEntry testId="1f4aa24c-7c64-0aa0-95ad-0905db410930" executionId="b0b50870-0f69-428a-a6fe-f88b5eb5d52d" testListId="8c84fa94-04c1-424b-9868-57a2d4851a1d" />
    <TestEntry testId="78bca467-9567-542f-bc78-93a44624745f" executionId="a893cf83-298c-40f7-84d4-c2ecbc6039ca" testListId="8c84fa94-04c1-424b-9868-57a2d4851a1d" />
    <TestEntry testId="9137be04-7cb3-27e9-8d66-0371723d9065" executionId="da86b062-b0ff-4604-afb4-fe9aac0ff1d8" testListId="8c84fa94-04c1-424b-9868-57a2d4851a1d" />
    <TestEntry testId="d589b3b2-74f9-3305-6ca0-aa06fc50ff85" executionId="da9b82bf-bbc4-4212-a7ee-04fcad052fc4" testListId="8c84fa94-04c1-424b-9868-57a2d4851a1d" />
    <TestEntry testId="e20ab33e-9d42-ac03-8c8f-be0f94b4d5a9" executionId="ae89e387-51f3-42a9-927c-3977afcac223" testListId="8c84fa94-04c1-424b-9868-57a2d4851a1d" />
  </TestEntries>
  <Results>
    <UnitTestResult executionId="7f0cca2c-21f7-4d52-85ec-35a0e9169613" testId="1c476c79-de79-c4b0-9feb-11589fb7c420" testName="TestMethod1" computerName="DB-PC" duration="00:00:00.0164882" startTime="2012-07-19T10:30:50.6539971+01:00" endTime="2012-07-19T10:30:50.9500141+01:00" testType="13cdc9d9-ddb5-4fa4-a97d-d965ccfc6d4b" outcome="Passed" testListId="8c84fa94-04c1-424b-9868-57a2d4851a1d" relativeResultsDirectory="7f0cca2c-21f7-4d52-85ec-35a0e9169613">
    </UnitTestResult>
    <UnitTestResult executionId="b0b50870-0f69-428a-a6fe-f88b5eb5d52d" testId="1f4aa24c-7c64-0aa0-95ad-0905db410930" testName="Create_Post_PutsValidContributionIntoRepository" computerName="DB-PC" duration="00:00:00.0283674" startTime="2012-07-19T10:30:50.9530142+01:00" endTime="2012-07-19T10:30:50.9850161+01:00" testType="13cdc9d9-ddb5-4fa4-a97d-d965ccfc6d4b" outcome="Failed" testListId="8c84fa94-04c1-424b-9868-57a2d4851a1d" relativeResultsDirectory="b0b50870-0f69-428a-a6fe-f88b5eb5d52d">
      <Output>
        <ErrorInfo>
          <Message>Test method teamcanada.Tests.Controllers.HomeControllerTest.Create_Post_PutsValidContributionIntoRepository threw exception: 
System.MissingMethodException: Method not found: 'System.Web.Mvc.ViewResult teamcanada.Controllers.HomeController.Create(teamcanada.Models.Contributions)'.</Message>
          <StackTrace>    at teamcanada.Tests.Controllers.HomeControllerTest.Create_Post_PutsValidContributionIntoRepository()
</StackTrace>
        </ErrorInfo>
      </Output>
    </UnitTestResult>
    <UnitTestResult executionId="a893cf83-298c-40f7-84d4-c2ecbc6039ca" testId="78bca467-9567-542f-bc78-93a44624745f" testName="Index_Get_RetrievesAllContributionsFromRepository" computerName="DB-PC" duration="00:00:00.0034445" startTime="2012-07-19T10:30:50.9890163+01:00" endTime="2012-07-19T10:30:51.0030171+01:00" testType="13cdc9d9-ddb5-4fa4-a97d-d965ccfc6d4b" outcome="Failed" testListId="8c84fa94-04c1-424b-9868-57a2d4851a1d" relativeResultsDirectory="a893cf83-298c-40f7-84d4-c2ecbc6039ca">
      <Output>
        <ErrorInfo>
          <Message>Test method teamcanada.Tests.Controllers.HomeControllerTest.Index_Get_RetrievesAllContributionsFromRepository threw exception: 
System.MissingMethodException: Method not found: 'System.Web.Mvc.ViewResult teamcanada.Controllers.HomeController.Index()'.</Message>
          <StackTrace>    at teamcanada.Tests.Controllers.HomeControllerTest.Index_Get_RetrievesAllContributionsFromRepository()
</StackTrace>
        </ErrorInfo>
      </Output>
    </UnitTestResult>
    <UnitTestResult executionId="da86b062-b0ff-4604-afb4-fe9aac0ff1d8" testId="9137be04-7cb3-27e9-8d66-0371723d9065" testName="Create_Post_ReturnsViewIfModelStateIsNotValid" computerName="DB-PC" duration="00:00:00.0022553" startTime="2012-07-19T10:30:51.0060173+01:00" endTime="2012-07-19T10:30:51.0150178+01:00" testType="13cdc9d9-ddb5-4fa4-a97d-d965ccfc6d4b" outcome="Failed" testListId="8c84fa94-04c1-424b-9868-57a2d4851a1d" relativeResultsDirectory="da86b062-b0ff-4604-afb4-fe9aac0ff1d8">
      <Output>
        <ErrorInfo>
          <Message>Test method teamcanada.Tests.Controllers.HomeControllerTest.Create_Post_ReturnsViewIfModelStateIsNotValid threw exception: 
System.MissingMethodException: Method not found: 'System.Web.Mvc.ViewResult teamcanada.Controllers.HomeController.Create(teamcanada.Models.Contributions)'.</Message>
          <StackTrace>    at teamcanada.Tests.Controllers.HomeControllerTest.Create_Post_ReturnsViewIfModelStateIsNotValid()
</StackTrace>
        </ErrorInfo>
      </Output>
    </UnitTestResult>
    <UnitTestResult executionId="da9b82bf-bbc4-4212-a7ee-04fcad052fc4" testId="d589b3b2-74f9-3305-6ca0-aa06fc50ff85" testName="Index_Get_AsksForIndexView" computerName="DB-PC" duration="00:00:00.0020474" startTime="2012-07-19T10:30:51.0180180+01:00" endTime="2012-07-19T10:30:51.0270185+01:00" testType="13cdc9d9-ddb5-4fa4-a97d-d965ccfc6d4b" outcome="Failed" testListId="8c84fa94-04c1-424b-9868-57a2d4851a1d" relativeResultsDirectory="da9b82bf-bbc4-4212-a7ee-04fcad052fc4">
      <Output>
        <ErrorInfo>
          <Message>Test method teamcanada.Tests.Controllers.HomeControllerTest.Index_Get_AsksForIndexView threw exception: 
System.MissingMethodException: Method not found: 'System.Web.Mvc.ViewResult teamcanada.Controllers.HomeController.Index()'.</Message>
          <StackTrace>    at teamcanada.Tests.Controllers.HomeControllerTest.Index_Get_AsksForIndexView()
</StackTrace>
        </ErrorInfo>
      </Output>
    </UnitTestResult>
    <UnitTestResult executionId="ae89e387-51f3-42a9-927c-3977afcac223" testId="e20ab33e-9d42-ac03-8c8f-be0f94b4d5a9" testName="Create_Post_ReturnsViewIfRepositoryThrowsException" computerName="DB-PC" duration="00:00:00.0021090" startTime="2012-07-19T10:30:51.0310187+01:00" endTime="2012-07-19T10:30:51.0400192+01:00" testType="13cdc9d9-ddb5-4fa4-a97d-d965ccfc6d4b" outcome="Failed" testListId="8c84fa94-04c1-424b-9868-57a2d4851a1d" relativeResultsDirectory="ae89e387-51f3-42a9-927c-3977afcac223">
      <Output>
        <ErrorInfo>
          <Message>Test method teamcanada.Tests.Controllers.HomeControllerTest.Create_Post_ReturnsViewIfRepositoryThrowsException threw exception: 
System.MissingMethodException: Method not found: 'System.Web.Mvc.ViewResult teamcanada.Controllers.HomeController.Create(teamcanada.Models.Contributions)'.</Message>
          <StackTrace>    at teamcanada.Tests.Controllers.HomeControllerTest.Create_Post_ReturnsViewIfRepositoryThrowsException()
</StackTrace>
        </ErrorInfo>
      </Output>
    </UnitTestResult>
  </Results>
</TestRun>