<?xml version="1.0" encoding="UTF-8"?>
<TestRun id="a630acfc-c474-4140-bcee-f0b0d716eee4" name="DB@DB-PC 2012-07-21 14:54:08" runUser="DB-PC\DB" xmlns="http://microsoft.com/schemas/VisualStudio/TeamTest/2010">
  <TestSettings name="Default Test Settings" id="9f93d50d-9091-4ffb-a245-cf5f284a9896">
    <Deployment runDeploymentRoot="DB_DB-PC 2012-07-21 14_54_08">
      <DeploymentItem filename="C:\Users\DB\Documents\GitHub\EF-Group-Project\darraghTestWork\teamcanada\packages\Microsoft.AspNet.WebApi.Core.4.0.20505.0\lib\net40\System.Web.Http.dll" />
      <DeploymentItem filename="C:\Users\DB\Documents\GitHub\EF-Group-Project\darraghTestWork\teamcanada\packages\Microsoft.AspNet.WebApi.Client.4.0.20505.0\lib\net40\System.Net.Http.Formatting.dll" />
      <DeploymentItem filename="C:\Users\DB\Documents\GitHub\EF-Group-Project\darraghTestWork\teamcanada\teamcanada.Tests\bin\Debug\WebGrease.dll" />
      <DeploymentItem filename="C:\Users\DB\Documents\GitHub\EF-Group-Project\darraghTestWork\teamcanada\packages\Newtonsoft.Json.4.5.1\lib\net40\Newtonsoft.Json.dll" />
      <DeploymentItem filename="C:\Users\DB\Documents\GitHub\EF-Group-Project\darraghTestWork\teamcanada\packages\Microsoft.AspNet.WebApi.WebHost.4.0.20505.0\lib\net40\System.Web.Http.WebHost.dll" />
      <DeploymentItem filename="C:\Users\DB\Documents\GitHub\EF-Group-Project\darraghTestWork\teamcanada\packages\Microsoft.Web.Infrastructure.1.0.0.0\lib\net40\Microsoft.Web.Infrastructure.dll" />
      <DeploymentItem filename="C:\Users\DB\Documents\GitHub\EF-Group-Project\darraghTestWork\teamcanada\teamcanada.Tests\bin\Debug\System.Web.Optimization.dll" />
      <DeploymentItem filename="C:\Users\DB\Documents\GitHub\EF-Group-Project\darraghTestWork\teamcanada\teamcanada.Tests\bin\Debug\Antlr3.Runtime.dll" />
      <DeploymentItem filename="C:\Users\DB\Documents\GitHub\EF-Group-Project\darraghTestWork\teamcanada\teamcanada\bin\teamcanada.dll" />
      <DeploymentItem filename="C:\Users\DB\Documents\GitHub\EF-Group-Project\darraghTestWork\teamcanada\packages\Microsoft.Net.Http.2.0.20505.0\lib\net40\System.Net.Http.dll" />
      <DeploymentItem filename="C:\Users\DB\Documents\GitHub\EF-Group-Project\darraghTestWork\teamcanada\packages\EntityFramework.5.0.0-rc\lib\net40\EntityFramework.dll" />
      <DeploymentItem filename="C:\Users\DB\Documents\GitHub\EF-Group-Project\darraghTestWork\teamcanada\packages\Microsoft.AspNet.WebPages.2.0.20505.0\lib\net40\System.Web.Helpers.dll" />
      <DeploymentItem filename="C:\Users\DB\Documents\GitHub\EF-Group-Project\darraghTestWork\teamcanada\packages\Microsoft.AspNet.WebPages.2.0.20505.0\lib\net40\System.Web.WebPages.dll" />
      <DeploymentItem filename="C:\Users\DB\Documents\GitHub\EF-Group-Project\darraghTestWork\teamcanada\packages\Microsoft.AspNet.Providers.Core.1.0\lib\net40\System.Web.Providers.dll" />
      <DeploymentItem filename="C:\Users\DB\Documents\GitHub\EF-Group-Project\darraghTestWork\teamcanada\teamcanada.Tests\bin\Debug\LumenWorks.Framework.IO.dll" />
      <DeploymentItem filename="C:\Users\DB\Documents\GitHub\EF-Group-Project\darraghTestWork\teamcanada\packages\Microsoft.AspNet.WebPages.2.0.20505.0\lib\net40\System.Web.WebPages.Deployment.dll" />
      <DeploymentItem filename="C:\Users\DB\Documents\GitHub\EF-Group-Project\darraghTestWork\teamcanada\packages\Microsoft.AspNet.Mvc.4.0.20505.0\lib\net40\System.Web.Mvc.dll" />
      <DeploymentItem filename="C:\Users\DB\Documents\GitHub\EF-Group-Project\darraghTestWork\teamcanada\packages\Microsoft.Net.Http.2.0.20505.0\lib\net40\System.Net.Http.WebRequest.dll" />
      <DeploymentItem filename="C:\Users\DB\Documents\GitHub\EF-Group-Project\darraghTestWork\teamcanada\packages\Microsoft.AspNet.WebPages.2.0.20505.0\lib\net40\System.Web.WebPages.Razor.dll" />
      <DeploymentItem filename="C:\Users\DB\Documents\GitHub\EF-Group-Project\darraghTestWork\teamcanada\packages\Microsoft.AspNet.Razor.2.0.20505.0\lib\net40\System.Web.Razor.dll" />
    </Deployment>
    <Execution>
      <TestTypeSpecific />
      <AgentRule name="Execution Agents">
      </AgentRule>
    </Execution>
  </TestSettings>
  <Times creation="2012-07-21T14:54:08.9600470+01:00" queuing="2012-07-21T14:54:10.7900496+01:00" start="2012-07-21T14:54:10.8900497+01:00" finish="2012-07-21T14:54:11.2300502+01:00" />
  <ResultSummary outcome="Completed">
    <Counters total="1" executed="1" passed="1" error="0" failed="0" timeout="0" aborted="0" inconclusive="0" passedButRunAborted="0" notRunnable="0" notExecuted="0" disconnected="0" warning="0" completed="0" inProgress="0" pending="0" />
  </ResultSummary>
  <TestDefinitions>
    <UnitTest name="Index_Get_RetrievesAllContributionsFromRepository" storage="c:\users\db\documents\github\ef-group-project\darraghtestwork\teamcanada\teamcanada.tests\bin\debug\teamcanada.tests.dll" id="4941eb76-ab9e-2806-6942-ab58e1ddf4a2">
      <Execution id="515dfc0c-a620-42dd-9765-eea1e7d71a53" />
      <TestMethod codeBase="C:/Users/DB/Documents/GitHub/EF-Group-Project/darraghTestWork/teamcanada/teamcanada.Tests/bin/Debug/teamcanada.Tests.DLL" adapterTypeName="Microsoft.VisualStudio.TestTools.TestTypes.Unit.UnitTestAdapter, Microsoft.VisualStudio.QualityTools.Tips.UnitTest.Adapter, Version=10.0.0.0, Culture=neutral, PublicKeyToken=b03f5f7f11d50a3a" className="teamcanada.Tests.Controllers.HomeController2Test, teamcanada.Tests, Version=1.0.0.0, Culture=neutral, PublicKeyToken=null" name="Index_Get_RetrievesAllContributionsFromRepository" />
    </UnitTest>
  </TestDefinitions>
  <TestLists>
    <TestList name="Results Not in a List" id="8c84fa94-04c1-424b-9868-57a2d4851a1d" />
    <TestList name="All Loaded Results" id="19431567-8539-422a-85d7-44ee4e166bda" />
  </TestLists>
  <TestEntries>
    <TestEntry testId="4941eb76-ab9e-2806-6942-ab58e1ddf4a2" executionId="515dfc0c-a620-42dd-9765-eea1e7d71a53" testListId="8c84fa94-04c1-424b-9868-57a2d4851a1d" />
  </TestEntries>
  <Results>
    <UnitTestResult executionId="515dfc0c-a620-42dd-9765-eea1e7d71a53" testId="4941eb76-ab9e-2806-6942-ab58e1ddf4a2" testName="Index_Get_RetrievesAllContributionsFromRepository" computerName="DB-PC" duration="00:00:00.0274416" startTime="2012-07-21T14:54:10.9300497+01:00" endTime="2012-07-21T14:54:11.2100501+01:00" testType="13cdc9d9-ddb5-4fa4-a97d-d965ccfc6d4b" outcome="Passed" testListId="8c84fa94-04c1-424b-9868-57a2d4851a1d" relativeResultsDirectory="515dfc0c-a620-42dd-9765-eea1e7d71a53">
    </UnitTestResult>
  </Results>
</TestRun>