<?xml version="1.0" encoding="UTF-8"?>
<TestRun id="1401fd9e-a8e3-4fd2-891f-1ed9ea4e7a9d" name="DB@DB-PC 2012-07-23 11:04:08" runUser="DB-PC\DB" xmlns="http://microsoft.com/schemas/VisualStudio/TeamTest/2010">
  <TestSettings name="Default Test Settings" id="992410b7-ec1e-4177-bb21-9f43dac1c273">
    <Deployment runDeploymentRoot="DB_DB-PC 2012-07-23 11_04_08">
      <DeploymentItem filename="C:\Users\DB\Documents\GitHub\EF-Group-Project\darraghTestWork\teamcanada\packages\Microsoft.AspNet.WebApi.Core.4.0.20505.0\lib\net40\System.Web.Http.dll" />
      <DeploymentItem filename="C:\Users\DB\Documents\GitHub\EF-Group-Project\darraghTestWork\teamcanada\packages\Microsoft.AspNet.WebApi.Client.4.0.20505.0\lib\net40\System.Net.Http.Formatting.dll" />
      <DeploymentItem filename="C:\Users\DB\Documents\GitHub\EF-Group-Project\darraghTestWork\teamcanada\teamcanada.Tests\bin\Debug\WebGrease.dll" />
      <DeploymentItem filename="C:\Users\DB\Documents\GitHub\EF-Group-Project\darraghTestWork\teamcanada\packages\Newtonsoft.Json.4.5.1\lib\net40\Newtonsoft.Json.dll" />
      <DeploymentItem filename="C:\Users\DB\Documents\GitHub\EF-Group-Project\darraghTestWork\teamcanada\packages\Microsoft.AspNet.WebApi.WebHost.4.0.20505.0\lib\net40\System.Web.Http.WebHost.dll" />
      <DeploymentItem filename="C:\Users\DB\Documents\GitHub\EF-Group-Project\darraghTestWork\teamcanada\packages\Microsoft.Web.Infrastructure.1.0.0.0\lib\net40\Microsoft.Web.Infrastructure.dll" />
      <DeploymentItem filename="C:\Users\DB\Documents\GitHub\EF-Group-Project\darraghTestWork\teamcanada\teamcanada.Tests\bin\Debug\System.Web.Optimization.dll" />
      <DeploymentItem filename="C:\Users\DB\Documents\GitHub\EF-Group-Project\darraghTestWork\teamcanada\teamcanada.Tests\bin\Debug\Antlr3.Runtime.dll" />
      <DeploymentItem filename="C:\Users\DB\Documents\GitHub\EF-Group-Project\darraghTestWork\teamcanada\teamcanada\bin\teamcanada.dll" />
      <DeploymentItem filename="C:\Users\DB\Documents\GitHub\EF-Group-Project\darraghTestWork\teamcanada\packages\Microsoft.Net.Http.2.0.20505.0\lib\net40\System.Net.Http.dll" />
      <DeploymentItem filename="C:\Users\DB\Documents\GitHub\EF-Group-Project\darraghTestWork\teamcanada\packages\EntityFramework.5.0.0-rc\lib\net40\EntityFramework.dll" />
      <DeploymentItem filename="C:\Users\DB\Documents\GitHub\EF-Group-Project\darraghTestWork\teamcanada\packages\Microsoft.AspNet.WebPages.2.0.20505.0\lib\net40\System.Web.Helpers.dll" />
      <DeploymentItem filename="C:\Users\DB\Documents\GitHub\EF-Group-Project\darraghTestWork\teamcanada\packages\Microsoft.AspNet.WebPages.2.0.20505.0\lib\net40\System.Web.WebPages.dll" />
      <DeploymentItem filename="C:\Users\DB\Documents\GitHub\EF-Group-Project\darraghTestWork\teamcanada\packages\Microsoft.AspNet.Providers.Core.1.0\lib\net40\System.Web.Providers.dll" />
      <DeploymentItem filename="C:\Users\DB\Documents\GitHub\EF-Group-Project\darraghTestWork\teamcanada\teamcanada.Tests\bin\Debug\LumenWorks.Framework.IO.dll" />
      <DeploymentItem filename="C:\Users\DB\Documents\GitHub\EF-Group-Project\darraghTestWork\teamcanada\packages\Microsoft.AspNet.WebPages.2.0.20505.0\lib\net40\System.Web.WebPages.Deployment.dll" />
      <DeploymentItem filename="C:\Users\DB\Documents\GitHub\EF-Group-Project\darraghTestWork\teamcanada\packages\Microsoft.AspNet.Mvc.4.0.20505.0\lib\net40\System.Web.Mvc.dll" />
      <DeploymentItem filename="C:\Users\DB\Documents\GitHub\EF-Group-Project\darraghTestWork\teamcanada\packages\Microsoft.Net.Http.2.0.20505.0\lib\net40\System.Net.Http.WebRequest.dll" />
      <DeploymentItem filename="C:\Users\DB\Documents\GitHub\EF-Group-Project\darraghTestWork\teamcanada\packages\Microsoft.AspNet.WebPages.2.0.20505.0\lib\net40\System.Web.WebPages.Razor.dll" />
      <DeploymentItem filename="C:\Users\DB\Documents\GitHub\EF-Group-Project\darraghTestWork\teamcanada\packages\Microsoft.AspNet.Razor.2.0.20505.0\lib\net40\System.Web.Razor.dll" />
    </Deployment>
    <Execution>
      <TestTypeSpecific />
      <AgentRule name="Execution Agents">
      </AgentRule>
    </Execution>
  </TestSettings>
  <Times creation="2012-07-23T11:04:08.5989534+01:00" queuing="2012-07-23T11:04:10.0930389+01:00" start="2012-07-23T11:04:10.1020394+01:00" finish="2012-07-23T11:04:10.5140630+01:00" />
  <ResultSummary outcome="Failed">
    <Counters total="6" executed="6" passed="5" error="0" failed="1" timeout="0" aborted="0" inconclusive="0" passedButRunAborted="0" notRunnable="0" notExecuted="0" disconnected="0" warning="0" completed="0" inProgress="0" pending="0" />
  </ResultSummary>
  <TestDefinitions>
    <UnitTest name="notCSV" storage="c:\users\db\documents\github\ef-group-project\darraghtestwork\teamcanada\teamcanada.tests\bin\debug\teamcanada.tests.dll" id="26b27bdd-b571-8e85-3fba-e429ec6da46a">
      <Execution id="303eb8a3-9f8e-4e9b-92c9-9d745d2c63a3" />
      <TestMethod codeBase="C:/Users/DB/Documents/GitHub/EF-Group-Project/darraghTestWork/teamcanada/teamcanada.Tests/bin/Debug/teamcanada.Tests.DLL" adapterTypeName="Microsoft.VisualStudio.TestTools.TestTypes.Unit.UnitTestAdapter, Microsoft.VisualStudio.QualityTools.Tips.UnitTest.Adapter, Version=10.0.0.0, Culture=neutral, PublicKeyToken=b03f5f7f11d50a3a" className="teamcanada.Tests.ResultsParseTest, teamcanada.Tests, Version=1.0.0.0, Culture=neutral, PublicKeyToken=null" name="notCSV" />
    </UnitTest>
    <UnitTest name="supportsTypeTest" storage="c:\users\db\documents\github\ef-group-project\darraghtestwork\teamcanada\teamcanada.tests\bin\debug\teamcanada.tests.dll" id="53003f27-50a8-4e72-8db5-25eddfad9bef">
      <Execution id="b7aa4ce9-4cbc-436d-9ee0-57d82ce5255b" />
      <TestMethod codeBase="C:/Users/DB/Documents/GitHub/EF-Group-Project/darraghTestWork/teamcanada/teamcanada.Tests/bin/Debug/teamcanada.Tests.DLL" adapterTypeName="Microsoft.VisualStudio.TestTools.TestTypes.Unit.UnitTestAdapter, Microsoft.VisualStudio.QualityTools.Tips.UnitTest.Adapter, Version=10.0.0.0, Culture=neutral, PublicKeyToken=b03f5f7f11d50a3a" className="teamcanada.Tests.ResultsParseTest, teamcanada.Tests, Version=1.0.0.0, Culture=neutral, PublicKeyToken=null" name="supportsTypeTest" />
    </UnitTest>
    <UnitTest name="Index_Get_RetrievesAllContributionsFromRepository2" storage="c:\users\db\documents\github\ef-group-project\darraghtestwork\teamcanada\teamcanada.tests\bin\debug\teamcanada.tests.dll" id="e9bef975-94b0-3198-0e11-ae8b66c60d32">
      <Execution id="ce6812fb-d64d-43b7-9b56-1960164c5265" />
      <TestMethod codeBase="C:/Users/DB/Documents/GitHub/EF-Group-Project/darraghTestWork/teamcanada/teamcanada.Tests/bin/Debug/teamcanada.Tests.DLL" adapterTypeName="Microsoft.VisualStudio.TestTools.TestTypes.Unit.UnitTestAdapter, Microsoft.VisualStudio.QualityTools.Tips.UnitTest.Adapter, Version=10.0.0.0, Culture=neutral, PublicKeyToken=b03f5f7f11d50a3a" className="teamcanada.Tests.Controllers.HomeController2Test, teamcanada.Tests, Version=1.0.0.0, Culture=neutral, PublicKeyToken=null" name="Index_Get_RetrievesAllContributionsFromRepository2" />
    </UnitTest>
    <UnitTest name="nullCSV" storage="c:\users\db\documents\github\ef-group-project\darraghtestwork\teamcanada\teamcanada.tests\bin\debug\teamcanada.tests.dll" id="d7c3a872-a480-3907-3ae3-052dfa6e2244">
      <Execution id="2049db8f-f558-40a1-9a1d-c1979786eaee" />
      <TestMethod codeBase="C:/Users/DB/Documents/GitHub/EF-Group-Project/darraghTestWork/teamcanada/teamcanada.Tests/bin/Debug/teamcanada.Tests.DLL" adapterTypeName="Microsoft.VisualStudio.TestTools.TestTypes.Unit.UnitTestAdapter, Microsoft.VisualStudio.QualityTools.Tips.UnitTest.Adapter, Version=10.0.0.0, Culture=neutral, PublicKeyToken=b03f5f7f11d50a3a" className="teamcanada.Tests.ResultsParseTest, teamcanada.Tests, Version=1.0.0.0, Culture=neutral, PublicKeyToken=null" name="nullCSV" />
    </UnitTest>
    <UnitTest name="Index_Get_RetrievesAllContributionsFromRepository" storage="c:\users\db\documents\github\ef-group-project\darraghtestwork\teamcanada\teamcanada.tests\bin\debug\teamcanada.tests.dll" id="4941eb76-ab9e-2806-6942-ab58e1ddf4a2">
      <Execution id="c5c09648-4080-4c02-b119-7fb3215399f9" />
      <TestMethod codeBase="C:/Users/DB/Documents/GitHub/EF-Group-Project/darraghTestWork/teamcanada/teamcanada.Tests/bin/Debug/teamcanada.Tests.DLL" adapterTypeName="Microsoft.VisualStudio.TestTools.TestTypes.Unit.UnitTestAdapter, Microsoft.VisualStudio.QualityTools.Tips.UnitTest.Adapter, Version=10.0.0.0, Culture=neutral, PublicKeyToken=b03f5f7f11d50a3a" className="teamcanada.Tests.Controllers.HomeController2Test, teamcanada.Tests, Version=1.0.0.0, Culture=neutral, PublicKeyToken=null" name="Index_Get_RetrievesAllContributionsFromRepository" />
    </UnitTest>
    <UnitTest name="Index_Get_AsksForIndexView" storage="c:\users\db\documents\github\ef-group-project\darraghtestwork\teamcanada\teamcanada.tests\bin\debug\teamcanada.tests.dll" id="af8e6f2a-4215-113b-1498-0851cedd99a5">
      <Execution id="5e263910-b24f-4a74-b181-3717fa14822d" />
      <TestMethod codeBase="C:/Users/DB/Documents/GitHub/EF-Group-Project/darraghTestWork/teamcanada/teamcanada.Tests/bin/Debug/teamcanada.Tests.DLL" adapterTypeName="Microsoft.VisualStudio.TestTools.TestTypes.Unit.UnitTestAdapter, Microsoft.VisualStudio.QualityTools.Tips.UnitTest.Adapter, Version=10.0.0.0, Culture=neutral, PublicKeyToken=b03f5f7f11d50a3a" className="teamcanada.Tests.Controllers.HomeController2Test, teamcanada.Tests, Version=1.0.0.0, Culture=neutral, PublicKeyToken=null" name="Index_Get_AsksForIndexView" />
    </UnitTest>
  </TestDefinitions>
  <TestLists>
    <TestList name="Results Not in a List" id="8c84fa94-04c1-424b-9868-57a2d4851a1d" />
    <TestList name="All Loaded Results" id="19431567-8539-422a-85d7-44ee4e166bda" />
  </TestLists>
  <TestEntries>
    <TestEntry testId="26b27bdd-b571-8e85-3fba-e429ec6da46a" executionId="303eb8a3-9f8e-4e9b-92c9-9d745d2c63a3" testListId="8c84fa94-04c1-424b-9868-57a2d4851a1d" />
    <TestEntry testId="4941eb76-ab9e-2806-6942-ab58e1ddf4a2" executionId="c5c09648-4080-4c02-b119-7fb3215399f9" testListId="8c84fa94-04c1-424b-9868-57a2d4851a1d" />
    <TestEntry testId="53003f27-50a8-4e72-8db5-25eddfad9bef" executionId="b7aa4ce9-4cbc-436d-9ee0-57d82ce5255b" testListId="8c84fa94-04c1-424b-9868-57a2d4851a1d" />
    <TestEntry testId="af8e6f2a-4215-113b-1498-0851cedd99a5" executionId="5e263910-b24f-4a74-b181-3717fa14822d" testListId="8c84fa94-04c1-424b-9868-57a2d4851a1d" />
    <TestEntry testId="d7c3a872-a480-3907-3ae3-052dfa6e2244" executionId="2049db8f-f558-40a1-9a1d-c1979786eaee" testListId="8c84fa94-04c1-424b-9868-57a2d4851a1d" />
    <TestEntry testId="e9bef975-94b0-3198-0e11-ae8b66c60d32" executionId="ce6812fb-d64d-43b7-9b56-1960164c5265" testListId="8c84fa94-04c1-424b-9868-57a2d4851a1d" />
  </TestEntries>
  <Results>
    <UnitTestResult executionId="303eb8a3-9f8e-4e9b-92c9-9d745d2c63a3" testId="26b27bdd-b571-8e85-3fba-e429ec6da46a" testName="notCSV" computerName="DB-PC" duration="00:00:00.0168322" startTime="2012-07-23T11:04:10.1440418+01:00" endTime="2012-07-23T11:04:10.4180575+01:00" testType="13cdc9d9-ddb5-4fa4-a97d-d965ccfc6d4b" outcome="Passed" testListId="8c84fa94-04c1-424b-9868-57a2d4851a1d" relativeResultsDirectory="303eb8a3-9f8e-4e9b-92c9-9d745d2c63a3">
    </UnitTestResult>
    <UnitTestResult executionId="c5c09648-4080-4c02-b119-7fb3215399f9" testId="4941eb76-ab9e-2806-6942-ab58e1ddf4a2" testName="Index_Get_RetrievesAllContributionsFromRepository" computerName="DB-PC" duration="00:00:00.0124011" startTime="2012-07-23T11:04:10.4210576+01:00" endTime="2012-07-23T11:04:10.4370585+01:00" testType="13cdc9d9-ddb5-4fa4-a97d-d965ccfc6d4b" outcome="Passed" testListId="8c84fa94-04c1-424b-9868-57a2d4851a1d" relativeResultsDirectory="c5c09648-4080-4c02-b119-7fb3215399f9">
    </UnitTestResult>
    <UnitTestResult executionId="b7aa4ce9-4cbc-436d-9ee0-57d82ce5255b" testId="53003f27-50a8-4e72-8db5-25eddfad9bef" testName="supportsTypeTest" computerName="DB-PC" duration="00:00:00.0002982" startTime="2012-07-23T11:04:10.4390587+01:00" endTime="2012-07-23T11:04:10.4430589+01:00" testType="13cdc9d9-ddb5-4fa4-a97d-d965ccfc6d4b" outcome="Passed" testListId="8c84fa94-04c1-424b-9868-57a2d4851a1d" relativeResultsDirectory="b7aa4ce9-4cbc-436d-9ee0-57d82ce5255b">
    </UnitTestResult>
    <UnitTestResult executionId="5e263910-b24f-4a74-b181-3717fa14822d" testId="af8e6f2a-4215-113b-1498-0851cedd99a5" testName="Index_Get_AsksForIndexView" computerName="DB-PC" duration="00:00:00.0003367" startTime="2012-07-23T11:04:10.4460591+01:00" endTime="2012-07-23T11:04:10.4570597+01:00" testType="13cdc9d9-ddb5-4fa4-a97d-d965ccfc6d4b" outcome="Passed" testListId="8c84fa94-04c1-424b-9868-57a2d4851a1d" relativeResultsDirectory="5e263910-b24f-4a74-b181-3717fa14822d">
    </UnitTestResult>
    <UnitTestResult executionId="2049db8f-f558-40a1-9a1d-c1979786eaee" testId="d7c3a872-a480-3907-3ae3-052dfa6e2244" testName="nullCSV" computerName="DB-PC" duration="00:00:00.0003002" startTime="2012-07-23T11:04:10.4590598+01:00" endTime="2012-07-23T11:04:10.4640601+01:00" testType="13cdc9d9-ddb5-4fa4-a97d-d965ccfc6d4b" outcome="Passed" testListId="8c84fa94-04c1-424b-9868-57a2d4851a1d" relativeResultsDirectory="2049db8f-f558-40a1-9a1d-c1979786eaee">
    </UnitTestResult>
    <UnitTestResult executionId="ce6812fb-d64d-43b7-9b56-1960164c5265" testId="e9bef975-94b0-3198-0e11-ae8b66c60d32" testName="Index_Get_RetrievesAllContributionsFromRepository2" computerName="DB-PC" duration="00:00:00.0223514" startTime="2012-07-23T11:04:10.4660602+01:00" endTime="2012-07-23T11:04:10.4950619+01:00" testType="13cdc9d9-ddb5-4fa4-a97d-d965ccfc6d4b" outcome="Failed" testListId="8c84fa94-04c1-424b-9868-57a2d4851a1d" relativeResultsDirectory="ce6812fb-d64d-43b7-9b56-1960164c5265">
      <Output>
        <ErrorInfo>
          <Message>CollectionAssert.Contains failed. </Message>
          <StackTrace>   at teamcanada.Tests.Controllers.HomeController2Test.Index_Get_RetrievesAllContributionsFromRepository2() in C:\Users\DB\Documents\GitHub\EF-Group-Project\darraghTestWork\teamcanada\teamcanada.Tests\Controllers\HomeController2Test.cs:line 188
</StackTrace>
        </ErrorInfo>
      </Output>
    </UnitTestResult>
  </Results>
</TestRun>