<?xml version="1.0" encoding="UTF-8"?>
<TestRun id="bf9ac726-20df-4b9f-be9a-aa26510ae51c" name="DB@DB-PC 2012-07-19 11:21:30" runUser="DB-PC\DB" xmlns="http://microsoft.com/schemas/VisualStudio/TeamTest/2010">
  <TestSettings name="Default Test Settings" id="6237b844-4706-41ee-a8e0-de16777aafb8">
    <Deployment runDeploymentRoot="DB_DB-PC 2012-07-19 11_21_30">
      <DeploymentItem filename="C:\Users\DB\Documents\Visual Studio 2010\Projects\teamcanada\packages\EntityFramework.5.0.0-rc\lib\net40\EntityFramework.dll" />
      <DeploymentItem filename="C:\Users\DB\Documents\Visual Studio 2010\Projects\teamcanada\teamcanada.Tests\bin\Debug\WebGrease.dll" />
      <DeploymentItem filename="C:\Users\DB\Documents\Visual Studio 2010\Projects\teamcanada\packages\Microsoft.AspNet.Razor.2.0.20505.0\lib\net40\System.Web.Razor.dll" />
      <DeploymentItem filename="C:\Users\DB\Documents\Visual Studio 2010\Projects\teamcanada\packages\Microsoft.AspNet.Mvc.4.0.20505.0\lib\net40\System.Web.Mvc.dll" />
      <DeploymentItem filename="C:\Users\DB\Documents\Visual Studio 2010\Projects\teamcanada\packages\Microsoft.AspNet.WebPages.2.0.20505.0\lib\net40\System.Web.WebPages.Razor.dll" />
      <DeploymentItem filename="C:\Users\DB\Documents\Visual Studio 2010\Projects\teamcanada\teamcanada.Tests\bin\Debug\Antlr3.Runtime.dll" />
      <DeploymentItem filename="C:\Users\DB\Documents\Visual Studio 2010\Projects\teamcanada\packages\Microsoft.AspNet.WebPages.2.0.20505.0\lib\net40\System.Web.WebPages.dll" />
      <DeploymentItem filename="C:\Users\DB\Documents\Visual Studio 2010\Projects\teamcanada\teamcanada\bin\teamcanada.dll" />
      <DeploymentItem filename="C:\Users\DB\Documents\Visual Studio 2010\Projects\teamcanada\packages\Newtonsoft.Json.4.5.1\lib\net40\Newtonsoft.Json.dll" />
      <DeploymentItem filename="C:\Users\DB\Documents\Visual Studio 2010\Projects\teamcanada\packages\Microsoft.Net.Http.2.0.20505.0\lib\net40\System.Net.Http.dll" />
      <DeploymentItem filename="C:\Users\DB\Documents\Visual Studio 2010\Projects\teamcanada\packages\Microsoft.AspNet.WebApi.WebHost.4.0.20505.0\lib\net40\System.Web.Http.WebHost.dll" />
      <DeploymentItem filename="C:\Users\DB\Documents\Visual Studio 2010\Projects\teamcanada\packages\Microsoft.AspNet.WebApi.Client.4.0.20505.0\lib\net40\System.Net.Http.Formatting.dll" />
      <DeploymentItem filename="C:\Users\DB\Documents\Visual Studio 2010\Projects\teamcanada\teamcanada.Tests\bin\Debug\LumenWorks.Framework.IO.dll" />
      <DeploymentItem filename="C:\Users\DB\Documents\Visual Studio 2010\Projects\teamcanada\packages\Microsoft.AspNet.Providers.Core.1.0\lib\net40\System.Web.Providers.dll" />
      <DeploymentItem filename="C:\Users\DB\Documents\Visual Studio 2010\Projects\teamcanada\packages\Microsoft.AspNet.WebPages.2.0.20505.0\lib\net40\System.Web.WebPages.Deployment.dll" />
      <DeploymentItem filename="C:\Users\DB\Documents\Visual Studio 2010\Projects\teamcanada\packages\Microsoft.Web.Infrastructure.1.0.0.0\lib\net40\Microsoft.Web.Infrastructure.dll" />
      <DeploymentItem filename="C:\Users\DB\Documents\Visual Studio 2010\Projects\teamcanada\teamcanada.Tests\bin\Debug\System.Web.Optimization.dll" />
      <DeploymentItem filename="C:\Users\DB\Documents\Visual Studio 2010\Projects\teamcanada\packages\Microsoft.AspNet.WebPages.2.0.20505.0\lib\net40\System.Web.Helpers.dll" />
      <DeploymentItem filename="C:\Users\DB\Documents\Visual Studio 2010\Projects\teamcanada\packages\Microsoft.Net.Http.2.0.20505.0\lib\net40\System.Net.Http.WebRequest.dll" />
      <DeploymentItem filename="C:\Users\DB\Documents\Visual Studio 2010\Projects\teamcanada\packages\Microsoft.AspNet.WebApi.Core.4.0.20505.0\lib\net40\System.Web.Http.dll" />
    </Deployment>
    <Execution>
      <TestTypeSpecific />
      <AgentRule name="Execution Agents">
      </AgentRule>
    </Execution>
  </TestSettings>
  <Times creation="2012-07-19T11:21:30.0488406+01:00" queuing="2012-07-19T11:21:30.5218676+01:00" start="2012-07-19T11:21:30.5908716+01:00" finish="2012-07-19T11:21:31.0909002+01:00" />
  <ResultSummary outcome="Failed">
    <Counters total="3" executed="3" passed="2" error="0" failed="1" timeout="0" aborted="0" inconclusive="0" passedButRunAborted="0" notRunnable="0" notExecuted="0" disconnected="0" warning="0" completed="0" inProgress="0" pending="0" />
  </ResultSummary>
  <TestDefinitions>
    <UnitTest name="TestMethod1" storage="c:\users\db\documents\visual studio 2010\projects\teamcanada\teamcanada.tests\bin\debug\teamcanada.tests.dll" id="1c476c79-de79-c4b0-9feb-11589fb7c420">
      <Execution id="385cd614-1ce3-465b-b402-27aecf44fa72" />
      <TestMethod codeBase="C:/Users/DB/Documents/Visual Studio 2010/Projects/teamcanada/teamcanada.Tests/bin/Debug/teamcanada.Tests.DLL" adapterTypeName="Microsoft.VisualStudio.TestTools.TestTypes.Unit.UnitTestAdapter, Microsoft.VisualStudio.QualityTools.Tips.UnitTest.Adapter, Version=10.0.0.0, Culture=neutral, PublicKeyToken=b03f5f7f11d50a3a" className="teamcanada.Tests.UnitTest1, teamcanada.Tests, Version=1.0.0.0, Culture=neutral, PublicKeyToken=null" name="TestMethod1" />
    </UnitTest>
    <UnitTest name="Index_Get_AsksForIndexView" storage="c:\users\db\documents\visual studio 2010\projects\teamcanada\teamcanada.tests\bin\debug\teamcanada.tests.dll" id="af8e6f2a-4215-113b-1498-0851cedd99a5">
      <Execution id="555dfcb3-84ef-4f49-a213-087e828761ec" />
      <TestMethod codeBase="C:/Users/DB/Documents/Visual Studio 2010/Projects/teamcanada/teamcanada.Tests/bin/Debug/teamcanada.Tests.DLL" adapterTypeName="Microsoft.VisualStudio.TestTools.TestTypes.Unit.UnitTestAdapter, Microsoft.VisualStudio.QualityTools.Tips.UnitTest.Adapter, Version=10.0.0.0, Culture=neutral, PublicKeyToken=b03f5f7f11d50a3a" className="teamcanada.Tests.Controllers.HomeController2Test, teamcanada.Tests, Version=1.0.0.0, Culture=neutral, PublicKeyToken=null" name="Index_Get_AsksForIndexView" />
    </UnitTest>
    <UnitTest name="Create_Post_ReturnsViewIfModelStateIsNotValid" storage="c:\users\db\documents\visual studio 2010\projects\teamcanada\teamcanada.tests\bin\debug\teamcanada.tests.dll" id="afa372c1-0d52-0b18-991e-fdca9df18cf0">
      <Execution id="e1ba523e-7c70-49ad-ae88-22536ac03359" />
      <TestMethod codeBase="C:/Users/DB/Documents/Visual Studio 2010/Projects/teamcanada/teamcanada.Tests/bin/Debug/teamcanada.Tests.DLL" adapterTypeName="Microsoft.VisualStudio.TestTools.TestTypes.Unit.UnitTestAdapter, Microsoft.VisualStudio.QualityTools.Tips.UnitTest.Adapter, Version=10.0.0.0, Culture=neutral, PublicKeyToken=b03f5f7f11d50a3a" className="teamcanada.Tests.Controllers.HomeController2Test, teamcanada.Tests, Version=1.0.0.0, Culture=neutral, PublicKeyToken=null" name="Create_Post_ReturnsViewIfModelStateIsNotValid" />
    </UnitTest>
  </TestDefinitions>
  <TestLists>
    <TestList name="Results Not in a List" id="8c84fa94-04c1-424b-9868-57a2d4851a1d" />
    <TestList name="All Loaded Results" id="19431567-8539-422a-85d7-44ee4e166bda" />
  </TestLists>
  <TestEntries>
    <TestEntry testId="1c476c79-de79-c4b0-9feb-11589fb7c420" executionId="385cd614-1ce3-465b-b402-27aecf44fa72" testListId="8c84fa94-04c1-424b-9868-57a2d4851a1d" />
    <TestEntry testId="af8e6f2a-4215-113b-1498-0851cedd99a5" executionId="555dfcb3-84ef-4f49-a213-087e828761ec" testListId="8c84fa94-04c1-424b-9868-57a2d4851a1d" />
    <TestEntry testId="afa372c1-0d52-0b18-991e-fdca9df18cf0" executionId="e1ba523e-7c70-49ad-ae88-22536ac03359" testListId="8c84fa94-04c1-424b-9868-57a2d4851a1d" />
  </TestEntries>
  <Results>
    <UnitTestResult executionId="385cd614-1ce3-465b-b402-27aecf44fa72" testId="1c476c79-de79-c4b0-9feb-11589fb7c420" testName="TestMethod1" computerName="DB-PC" duration="00:00:00.0173819" startTime="2012-07-19T11:21:30.6198732+01:00" endTime="2012-07-19T11:21:30.9148901+01:00" testType="13cdc9d9-ddb5-4fa4-a97d-d965ccfc6d4b" outcome="Passed" testListId="8c84fa94-04c1-424b-9868-57a2d4851a1d" relativeResultsDirectory="385cd614-1ce3-465b-b402-27aecf44fa72">
    </UnitTestResult>
    <UnitTestResult executionId="555dfcb3-84ef-4f49-a213-087e828761ec" testId="af8e6f2a-4215-113b-1498-0851cedd99a5" testName="Index_Get_AsksForIndexView" computerName="DB-PC" duration="00:00:00.0118550" startTime="2012-07-19T11:21:30.9178903+01:00" endTime="2012-07-19T11:21:30.9338912+01:00" testType="13cdc9d9-ddb5-4fa4-a97d-d965ccfc6d4b" outcome="Passed" testListId="8c84fa94-04c1-424b-9868-57a2d4851a1d" relativeResultsDirectory="555dfcb3-84ef-4f49-a213-087e828761ec">
    </UnitTestResult>
    <UnitTestResult executionId="e1ba523e-7c70-49ad-ae88-22536ac03359" testId="afa372c1-0d52-0b18-991e-fdca9df18cf0" testName="Create_Post_ReturnsViewIfModelStateIsNotValid" computerName="DB-PC" duration="00:00:00.0200770" startTime="2012-07-19T11:21:30.9388915+01:00" endTime="2012-07-19T11:21:30.9638929+01:00" testType="13cdc9d9-ddb5-4fa4-a97d-d965ccfc6d4b" outcome="Failed" testListId="8c84fa94-04c1-424b-9868-57a2d4851a1d" relativeResultsDirectory="e1ba523e-7c70-49ad-ae88-22536ac03359">
      <Output>
        <ErrorInfo>
          <Message>Test method teamcanada.Tests.Controllers.HomeController2Test.Create_Post_ReturnsViewIfModelStateIsNotValid threw exception: 
System.NotImplementedException: The method or operation is not implemented.</Message>
          <StackTrace>    at teamcanada.Tests.Controllers.HomeController2Test.GetContributionNamed(String p, Int32 p_2, String p_3, String p_4, String p_5, String p_6, Int32 p_7, Int32 p_8, String p_9, String p_10, String p_11, String p_12) in C:\Users\DB\Documents\Visual Studio 2010\Projects\teamcanada\teamcanada.Tests\Controllers\HomeController2Test.cs:line 142
   at teamcanada.Tests.Controllers.HomeController2Test.Create_Post_ReturnsViewIfModelStateIsNotValid() in C:\Users\DB\Documents\Visual Studio 2010\Projects\teamcanada\teamcanada.Tests\Controllers\HomeController2Test.cs:line 131
</StackTrace>
        </ErrorInfo>
      </Output>
    </UnitTestResult>
  </Results>
</TestRun>