<?xml version="1.0" encoding="UTF-8"?>
<TestRun id="1dac3782-11a4-4686-8224-bcbac15c1109" name="DB@DB-PC 2012-07-23 09:47:38" runUser="DB-PC\DB" xmlns="http://microsoft.com/schemas/VisualStudio/TeamTest/2010">
  <TestSettings name="Default Test Settings" id="e2ca9326-23f9-47c1-ad30-e78aa6736817">
    <Deployment runDeploymentRoot="DB_DB-PC 2012-07-23 09_47_38">
      <DeploymentItem filename="C:\Users\DB\Documents\GitHub\EF-Group-Project\darraghTestWork\teamcanada\packages\Microsoft.AspNet.WebApi.Core.4.0.20505.0\lib\net40\System.Web.Http.dll" />
      <DeploymentItem filename="C:\Users\DB\Documents\GitHub\EF-Group-Project\darraghTestWork\teamcanada\packages\Microsoft.AspNet.WebApi.Client.4.0.20505.0\lib\net40\System.Net.Http.Formatting.dll" />
      <DeploymentItem filename="C:\Users\DB\Documents\GitHub\EF-Group-Project\darraghTestWork\teamcanada\teamcanada.Tests\bin\Debug\WebGrease.dll" />
      <DeploymentItem filename="C:\Users\DB\Documents\GitHub\EF-Group-Project\darraghTestWork\teamcanada\packages\Newtonsoft.Json.4.5.1\lib\net40\Newtonsoft.Json.dll" />
      <DeploymentItem filename="C:\Users\DB\Documents\GitHub\EF-Group-Project\darraghTestWork\teamcanada\packages\Microsoft.AspNet.WebApi.WebHost.4.0.20505.0\lib\net40\System.Web.Http.WebHost.dll" />
      <DeploymentItem filename="C:\Users\DB\Documents\GitHub\EF-Group-Project\darraghTestWork\teamcanada\packages\Microsoft.Web.Infrastructure.1.0.0.0\lib\net40\Microsoft.Web.Infrastructure.dll" />
      <DeploymentItem filename="C:\Users\DB\Documents\GitHub\EF-Group-Project\darraghTestWork\teamcanada\teamcanada.Tests\bin\Debug\System.Web.Optimization.dll" />
      <DeploymentItem filename="C:\Users\DB\Documents\GitHub\EF-Group-Project\darraghTestWork\teamcanada\teamcanada.Tests\bin\Debug\Antlr3.Runtime.dll" />
      <DeploymentItem filename="C:\Users\DB\Documents\GitHub\EF-Group-Project\darraghTestWork\teamcanada\teamcanada\bin\teamcanada.dll" />
      <DeploymentItem filename="C:\Users\DB\Documents\GitHub\EF-Group-Project\darraghTestWork\teamcanada\packages\Microsoft.Net.Http.2.0.20505.0\lib\net40\System.Net.Http.dll" />
      <DeploymentItem filename="C:\Users\DB\Documents\GitHub\EF-Group-Project\darraghTestWork\teamcanada\packages\EntityFramework.5.0.0-rc\lib\net40\EntityFramework.dll" />
      <DeploymentItem filename="C:\Users\DB\Documents\GitHub\EF-Group-Project\darraghTestWork\teamcanada\packages\Microsoft.AspNet.WebPages.2.0.20505.0\lib\net40\System.Web.Helpers.dll" />
      <DeploymentItem filename="C:\Users\DB\Documents\GitHub\EF-Group-Project\darraghTestWork\teamcanada\packages\Microsoft.AspNet.WebPages.2.0.20505.0\lib\net40\System.Web.WebPages.dll" />
      <DeploymentItem filename="C:\Users\DB\Documents\GitHub\EF-Group-Project\darraghTestWork\teamcanada\packages\Microsoft.AspNet.Providers.Core.1.0\lib\net40\System.Web.Providers.dll" />
      <DeploymentItem filename="C:\Users\DB\Documents\GitHub\EF-Group-Project\darraghTestWork\teamcanada\teamcanada.Tests\bin\Debug\LumenWorks.Framework.IO.dll" />
      <DeploymentItem filename="C:\Users\DB\Documents\GitHub\EF-Group-Project\darraghTestWork\teamcanada\packages\Microsoft.AspNet.WebPages.2.0.20505.0\lib\net40\System.Web.WebPages.Deployment.dll" />
      <DeploymentItem filename="C:\Users\DB\Documents\GitHub\EF-Group-Project\darraghTestWork\teamcanada\packages\Microsoft.AspNet.Mvc.4.0.20505.0\lib\net40\System.Web.Mvc.dll" />
      <DeploymentItem filename="C:\Users\DB\Documents\GitHub\EF-Group-Project\darraghTestWork\teamcanada\packages\Microsoft.Net.Http.2.0.20505.0\lib\net40\System.Net.Http.WebRequest.dll" />
      <DeploymentItem filename="C:\Users\DB\Documents\GitHub\EF-Group-Project\darraghTestWork\teamcanada\packages\Microsoft.AspNet.WebPages.2.0.20505.0\lib\net40\System.Web.WebPages.Razor.dll" />
      <DeploymentItem filename="C:\Users\DB\Documents\GitHub\EF-Group-Project\darraghTestWork\teamcanada\packages\Microsoft.AspNet.Razor.2.0.20505.0\lib\net40\System.Web.Razor.dll" />
    </Deployment>
    <Execution>
      <TestTypeSpecific />
      <AgentRule name="Execution Agents">
      </AgentRule>
    </Execution>
  </TestSettings>
  <Times creation="2012-07-23T09:47:38.6424229+01:00" queuing="2012-07-23T09:47:40.3335196+01:00" start="2012-07-23T09:47:40.4305252+01:00" finish="2012-07-23T09:47:41.1865684+01:00" />
  <ResultSummary outcome="Failed">
    <Counters total="6" executed="6" passed="5" error="0" failed="1" timeout="0" aborted="0" inconclusive="0" passedButRunAborted="0" notRunnable="0" notExecuted="0" disconnected="0" warning="0" completed="0" inProgress="0" pending="0" />
  </ResultSummary>
  <TestDefinitions>
    <UnitTest name="notCSV" storage="c:\users\db\documents\github\ef-group-project\darraghtestwork\teamcanada\teamcanada.tests\bin\debug\teamcanada.tests.dll" id="26b27bdd-b571-8e85-3fba-e429ec6da46a">
      <Execution id="72e9be7b-623f-42e4-8e38-e8d5de479b6d" />
      <TestMethod codeBase="C:/Users/DB/Documents/GitHub/EF-Group-Project/darraghTestWork/teamcanada/teamcanada.Tests/bin/Debug/teamcanada.Tests.DLL" adapterTypeName="Microsoft.VisualStudio.TestTools.TestTypes.Unit.UnitTestAdapter, Microsoft.VisualStudio.QualityTools.Tips.UnitTest.Adapter, Version=10.0.0.0, Culture=neutral, PublicKeyToken=b03f5f7f11d50a3a" className="teamcanada.Tests.ResultsParseTest, teamcanada.Tests, Version=1.0.0.0, Culture=neutral, PublicKeyToken=null" name="notCSV" />
    </UnitTest>
    <UnitTest name="supportsTypeTest" storage="c:\users\db\documents\github\ef-group-project\darraghtestwork\teamcanada\teamcanada.tests\bin\debug\teamcanada.tests.dll" id="53003f27-50a8-4e72-8db5-25eddfad9bef">
      <Execution id="b3a27d1a-144a-46ef-b318-372f6f2bd55b" />
      <TestMethod codeBase="C:/Users/DB/Documents/GitHub/EF-Group-Project/darraghTestWork/teamcanada/teamcanada.Tests/bin/Debug/teamcanada.Tests.DLL" adapterTypeName="Microsoft.VisualStudio.TestTools.TestTypes.Unit.UnitTestAdapter, Microsoft.VisualStudio.QualityTools.Tips.UnitTest.Adapter, Version=10.0.0.0, Culture=neutral, PublicKeyToken=b03f5f7f11d50a3a" className="teamcanada.Tests.ResultsParseTest, teamcanada.Tests, Version=1.0.0.0, Culture=neutral, PublicKeyToken=null" name="supportsTypeTest" />
    </UnitTest>
    <UnitTest name="Index_Get_RetrievesAllContributionsFromRepository2" storage="c:\users\db\documents\github\ef-group-project\darraghtestwork\teamcanada\teamcanada.tests\bin\debug\teamcanada.tests.dll" id="e9bef975-94b0-3198-0e11-ae8b66c60d32">
      <Execution id="35720ad0-4061-43cf-a19d-571ced3db405" />
      <TestMethod codeBase="C:/Users/DB/Documents/GitHub/EF-Group-Project/darraghTestWork/teamcanada/teamcanada.Tests/bin/Debug/teamcanada.Tests.DLL" adapterTypeName="Microsoft.VisualStudio.TestTools.TestTypes.Unit.UnitTestAdapter, Microsoft.VisualStudio.QualityTools.Tips.UnitTest.Adapter, Version=10.0.0.0, Culture=neutral, PublicKeyToken=b03f5f7f11d50a3a" className="teamcanada.Tests.Controllers.HomeController2Test, teamcanada.Tests, Version=1.0.0.0, Culture=neutral, PublicKeyToken=null" name="Index_Get_RetrievesAllContributionsFromRepository2" />
    </UnitTest>
    <UnitTest name="nullCSV" storage="c:\users\db\documents\github\ef-group-project\darraghtestwork\teamcanada\teamcanada.tests\bin\debug\teamcanada.tests.dll" id="d7c3a872-a480-3907-3ae3-052dfa6e2244">
      <Execution id="87646697-ab1c-4f8d-910e-41b2700f0585" />
      <TestMethod codeBase="C:/Users/DB/Documents/GitHub/EF-Group-Project/darraghTestWork/teamcanada/teamcanada.Tests/bin/Debug/teamcanada.Tests.DLL" adapterTypeName="Microsoft.VisualStudio.TestTools.TestTypes.Unit.UnitTestAdapter, Microsoft.VisualStudio.QualityTools.Tips.UnitTest.Adapter, Version=10.0.0.0, Culture=neutral, PublicKeyToken=b03f5f7f11d50a3a" className="teamcanada.Tests.ResultsParseTest, teamcanada.Tests, Version=1.0.0.0, Culture=neutral, PublicKeyToken=null" name="nullCSV" />
    </UnitTest>
    <UnitTest name="Index_Get_RetrievesAllContributionsFromRepository" storage="c:\users\db\documents\github\ef-group-project\darraghtestwork\teamcanada\teamcanada.tests\bin\debug\teamcanada.tests.dll" id="4941eb76-ab9e-2806-6942-ab58e1ddf4a2">
      <Execution id="7bdb3ac7-4a8c-42f9-a090-1027565c4dc6" />
      <TestMethod codeBase="C:/Users/DB/Documents/GitHub/EF-Group-Project/darraghTestWork/teamcanada/teamcanada.Tests/bin/Debug/teamcanada.Tests.DLL" adapterTypeName="Microsoft.VisualStudio.TestTools.TestTypes.Unit.UnitTestAdapter, Microsoft.VisualStudio.QualityTools.Tips.UnitTest.Adapter, Version=10.0.0.0, Culture=neutral, PublicKeyToken=b03f5f7f11d50a3a" className="teamcanada.Tests.Controllers.HomeController2Test, teamcanada.Tests, Version=1.0.0.0, Culture=neutral, PublicKeyToken=null" name="Index_Get_RetrievesAllContributionsFromRepository" />
    </UnitTest>
    <UnitTest name="Index_Get_AsksForIndexView" storage="c:\users\db\documents\github\ef-group-project\darraghtestwork\teamcanada\teamcanada.tests\bin\debug\teamcanada.tests.dll" id="af8e6f2a-4215-113b-1498-0851cedd99a5">
      <Execution id="201a77e8-8eb2-40c7-a170-42c43b7bf7c8" />
      <TestMethod codeBase="C:/Users/DB/Documents/GitHub/EF-Group-Project/darraghTestWork/teamcanada/teamcanada.Tests/bin/Debug/teamcanada.Tests.DLL" adapterTypeName="Microsoft.VisualStudio.TestTools.TestTypes.Unit.UnitTestAdapter, Microsoft.VisualStudio.QualityTools.Tips.UnitTest.Adapter, Version=10.0.0.0, Culture=neutral, PublicKeyToken=b03f5f7f11d50a3a" className="teamcanada.Tests.Controllers.HomeController2Test, teamcanada.Tests, Version=1.0.0.0, Culture=neutral, PublicKeyToken=null" name="Index_Get_AsksForIndexView" />
    </UnitTest>
  </TestDefinitions>
  <TestLists>
    <TestList name="Results Not in a List" id="8c84fa94-04c1-424b-9868-57a2d4851a1d" />
    <TestList name="All Loaded Results" id="19431567-8539-422a-85d7-44ee4e166bda" />
  </TestLists>
  <TestEntries>
    <TestEntry testId="26b27bdd-b571-8e85-3fba-e429ec6da46a" executionId="72e9be7b-623f-42e4-8e38-e8d5de479b6d" testListId="8c84fa94-04c1-424b-9868-57a2d4851a1d" />
    <TestEntry testId="4941eb76-ab9e-2806-6942-ab58e1ddf4a2" executionId="7bdb3ac7-4a8c-42f9-a090-1027565c4dc6" testListId="8c84fa94-04c1-424b-9868-57a2d4851a1d" />
    <TestEntry testId="53003f27-50a8-4e72-8db5-25eddfad9bef" executionId="b3a27d1a-144a-46ef-b318-372f6f2bd55b" testListId="8c84fa94-04c1-424b-9868-57a2d4851a1d" />
    <TestEntry testId="af8e6f2a-4215-113b-1498-0851cedd99a5" executionId="201a77e8-8eb2-40c7-a170-42c43b7bf7c8" testListId="8c84fa94-04c1-424b-9868-57a2d4851a1d" />
    <TestEntry testId="d7c3a872-a480-3907-3ae3-052dfa6e2244" executionId="87646697-ab1c-4f8d-910e-41b2700f0585" testListId="8c84fa94-04c1-424b-9868-57a2d4851a1d" />
    <TestEntry testId="e9bef975-94b0-3198-0e11-ae8b66c60d32" executionId="35720ad0-4061-43cf-a19d-571ced3db405" testListId="8c84fa94-04c1-424b-9868-57a2d4851a1d" />
  </TestEntries>
  <Results>
    <UnitTestResult executionId="72e9be7b-623f-42e4-8e38-e8d5de479b6d" testId="26b27bdd-b571-8e85-3fba-e429ec6da46a" testName="notCSV" computerName="DB-PC" duration="00:00:00.0202178" startTime="2012-07-23T09:47:40.5025293+01:00" endTime="2012-07-23T09:47:40.9355541+01:00" testType="13cdc9d9-ddb5-4fa4-a97d-d965ccfc6d4b" outcome="Passed" testListId="8c84fa94-04c1-424b-9868-57a2d4851a1d" relativeResultsDirectory="72e9be7b-623f-42e4-8e38-e8d5de479b6d">
    </UnitTestResult>
    <UnitTestResult executionId="7bdb3ac7-4a8c-42f9-a090-1027565c4dc6" testId="4941eb76-ab9e-2806-6942-ab58e1ddf4a2" testName="Index_Get_RetrievesAllContributionsFromRepository" computerName="DB-PC" duration="00:00:00.0436661" startTime="2012-07-23T09:47:40.9645557+01:00" endTime="2012-07-23T09:47:41.0215590+01:00" testType="13cdc9d9-ddb5-4fa4-a97d-d965ccfc6d4b" outcome="Passed" testListId="8c84fa94-04c1-424b-9868-57a2d4851a1d" relativeResultsDirectory="7bdb3ac7-4a8c-42f9-a090-1027565c4dc6">
    </UnitTestResult>
    <UnitTestResult executionId="b3a27d1a-144a-46ef-b318-372f6f2bd55b" testId="53003f27-50a8-4e72-8db5-25eddfad9bef" testName="supportsTypeTest" computerName="DB-PC" duration="00:00:00.0002987" startTime="2012-07-23T09:47:41.0245592+01:00" endTime="2012-07-23T09:47:41.0295595+01:00" testType="13cdc9d9-ddb5-4fa4-a97d-d965ccfc6d4b" outcome="Passed" testListId="8c84fa94-04c1-424b-9868-57a2d4851a1d" relativeResultsDirectory="b3a27d1a-144a-46ef-b318-372f6f2bd55b">
    </UnitTestResult>
    <UnitTestResult executionId="201a77e8-8eb2-40c7-a170-42c43b7bf7c8" testId="af8e6f2a-4215-113b-1498-0851cedd99a5" testName="Index_Get_AsksForIndexView" computerName="DB-PC" duration="00:00:00.0003418" startTime="2012-07-23T09:47:41.0385600+01:00" endTime="2012-07-23T09:47:41.0435603+01:00" testType="13cdc9d9-ddb5-4fa4-a97d-d965ccfc6d4b" outcome="Passed" testListId="8c84fa94-04c1-424b-9868-57a2d4851a1d" relativeResultsDirectory="201a77e8-8eb2-40c7-a170-42c43b7bf7c8">
    </UnitTestResult>
    <UnitTestResult executionId="87646697-ab1c-4f8d-910e-41b2700f0585" testId="d7c3a872-a480-3907-3ae3-052dfa6e2244" testName="nullCSV" computerName="DB-PC" duration="00:00:00.0002925" startTime="2012-07-23T09:47:41.0475605+01:00" endTime="2012-07-23T09:47:41.0585611+01:00" testType="13cdc9d9-ddb5-4fa4-a97d-d965ccfc6d4b" outcome="Passed" testListId="8c84fa94-04c1-424b-9868-57a2d4851a1d" relativeResultsDirectory="87646697-ab1c-4f8d-910e-41b2700f0585">
    </UnitTestResult>
    <UnitTestResult executionId="35720ad0-4061-43cf-a19d-571ced3db405" testId="e9bef975-94b0-3198-0e11-ae8b66c60d32" testName="Index_Get_RetrievesAllContributionsFromRepository2" computerName="DB-PC" duration="00:00:00.0247094" startTime="2012-07-23T09:47:41.0625613+01:00" endTime="2012-07-23T09:47:41.0915630+01:00" testType="13cdc9d9-ddb5-4fa4-a97d-d965ccfc6d4b" outcome="Failed" testListId="8c84fa94-04c1-424b-9868-57a2d4851a1d" relativeResultsDirectory="35720ad0-4061-43cf-a19d-571ced3db405">
      <Output>
        <ErrorInfo>
          <Message>CollectionAssert.Contains failed. </Message>
          <StackTrace>   at teamcanada.Tests.Controllers.HomeController2Test.Index_Get_RetrievesAllContributionsFromRepository2() in C:\Users\DB\Documents\GitHub\EF-Group-Project\darraghTestWork\teamcanada\teamcanada.Tests\Controllers\HomeController2Test.cs:line 189
</StackTrace>
        </ErrorInfo>
      </Output>
    </UnitTestResult>
  </Results>
</TestRun>