<?xml version="1.0" encoding="UTF-8"?>
<TestRun id="2eeea1d9-2961-4b3b-853e-3f161529cd4a" name="DB@DB-PC 2012-07-19 11:20:02" runUser="DB-PC\DB" xmlns="http://microsoft.com/schemas/VisualStudio/TeamTest/2010">
  <TestSettings name="Default Test Settings" id="8a099d3f-411d-4092-8a02-6394ed876a7c">
    <Deployment runDeploymentRoot="DB_DB-PC 2012-07-19 11_20_02">
      <DeploymentItem filename="C:\Users\DB\Documents\Visual Studio 2010\Projects\teamcanada\packages\EntityFramework.5.0.0-rc\lib\net40\EntityFramework.dll" />
      <DeploymentItem filename="C:\Users\DB\Documents\Visual Studio 2010\Projects\teamcanada\teamcanada.Tests\bin\Debug\WebGrease.dll" />
      <DeploymentItem filename="C:\Users\DB\Documents\Visual Studio 2010\Projects\teamcanada\packages\Microsoft.AspNet.Razor.2.0.20505.0\lib\net40\System.Web.Razor.dll" />
      <DeploymentItem filename="C:\Users\DB\Documents\Visual Studio 2010\Projects\teamcanada\packages\Microsoft.AspNet.Mvc.4.0.20505.0\lib\net40\System.Web.Mvc.dll" />
      <DeploymentItem filename="C:\Users\DB\Documents\Visual Studio 2010\Projects\teamcanada\packages\Microsoft.AspNet.WebPages.2.0.20505.0\lib\net40\System.Web.WebPages.Razor.dll" />
      <DeploymentItem filename="C:\Users\DB\Documents\Visual Studio 2010\Projects\teamcanada\teamcanada.Tests\bin\Debug\Antlr3.Runtime.dll" />
      <DeploymentItem filename="C:\Users\DB\Documents\Visual Studio 2010\Projects\teamcanada\packages\Microsoft.AspNet.WebPages.2.0.20505.0\lib\net40\System.Web.WebPages.dll" />
      <DeploymentItem filename="C:\Users\DB\Documents\Visual Studio 2010\Projects\teamcanada\teamcanada\bin\teamcanada.dll" />
      <DeploymentItem filename="C:\Users\DB\Documents\Visual Studio 2010\Projects\teamcanada\packages\Newtonsoft.Json.4.5.1\lib\net40\Newtonsoft.Json.dll" />
      <DeploymentItem filename="C:\Users\DB\Documents\Visual Studio 2010\Projects\teamcanada\packages\Microsoft.Net.Http.2.0.20505.0\lib\net40\System.Net.Http.dll" />
      <DeploymentItem filename="C:\Users\DB\Documents\Visual Studio 2010\Projects\teamcanada\packages\Microsoft.AspNet.WebApi.WebHost.4.0.20505.0\lib\net40\System.Web.Http.WebHost.dll" />
      <DeploymentItem filename="C:\Users\DB\Documents\Visual Studio 2010\Projects\teamcanada\packages\Microsoft.AspNet.WebApi.Client.4.0.20505.0\lib\net40\System.Net.Http.Formatting.dll" />
      <DeploymentItem filename="C:\Users\DB\Documents\Visual Studio 2010\Projects\teamcanada\teamcanada.Tests\bin\Debug\LumenWorks.Framework.IO.dll" />
      <DeploymentItem filename="C:\Users\DB\Documents\Visual Studio 2010\Projects\teamcanada\packages\Microsoft.AspNet.Providers.Core.1.0\lib\net40\System.Web.Providers.dll" />
      <DeploymentItem filename="C:\Users\DB\Documents\Visual Studio 2010\Projects\teamcanada\packages\Microsoft.AspNet.WebPages.2.0.20505.0\lib\net40\System.Web.WebPages.Deployment.dll" />
      <DeploymentItem filename="C:\Users\DB\Documents\Visual Studio 2010\Projects\teamcanada\packages\Microsoft.Web.Infrastructure.1.0.0.0\lib\net40\Microsoft.Web.Infrastructure.dll" />
      <DeploymentItem filename="C:\Users\DB\Documents\Visual Studio 2010\Projects\teamcanada\teamcanada.Tests\bin\Debug\System.Web.Optimization.dll" />
      <DeploymentItem filename="C:\Users\DB\Documents\Visual Studio 2010\Projects\teamcanada\packages\Microsoft.AspNet.WebPages.2.0.20505.0\lib\net40\System.Web.Helpers.dll" />
      <DeploymentItem filename="C:\Users\DB\Documents\Visual Studio 2010\Projects\teamcanada\packages\Microsoft.Net.Http.2.0.20505.0\lib\net40\System.Net.Http.WebRequest.dll" />
      <DeploymentItem filename="C:\Users\DB\Documents\Visual Studio 2010\Projects\teamcanada\packages\Microsoft.AspNet.WebApi.Core.4.0.20505.0\lib\net40\System.Web.Http.dll" />
    </Deployment>
    <Execution>
      <TestTypeSpecific />
      <AgentRule name="Execution Agents">
      </AgentRule>
    </Execution>
  </TestSettings>
  <Times creation="2012-07-19T11:20:02.0868094+01:00" queuing="2012-07-19T11:20:02.4678312+01:00" start="2012-07-19T11:20:02.6368409+01:00" finish="2012-07-19T11:20:03.8479102+01:00" />
  <ResultSummary outcome="Failed">
    <Counters total="3" executed="3" passed="2" error="0" failed="1" timeout="0" aborted="0" inconclusive="0" passedButRunAborted="0" notRunnable="0" notExecuted="0" disconnected="0" warning="0" completed="0" inProgress="0" pending="0" />
  </ResultSummary>
  <TestDefinitions>
    <UnitTest name="TestMethod1" storage="c:\users\db\documents\visual studio 2010\projects\teamcanada\teamcanada.tests\bin\debug\teamcanada.tests.dll" id="1c476c79-de79-c4b0-9feb-11589fb7c420">
      <Execution id="74068a9c-0a74-4fc4-bb32-641cc42e5e6c" />
      <TestMethod codeBase="C:/Users/DB/Documents/Visual Studio 2010/Projects/teamcanada/teamcanada.Tests/bin/Debug/teamcanada.Tests.DLL" adapterTypeName="Microsoft.VisualStudio.TestTools.TestTypes.Unit.UnitTestAdapter, Microsoft.VisualStudio.QualityTools.Tips.UnitTest.Adapter, Version=10.0.0.0, Culture=neutral, PublicKeyToken=b03f5f7f11d50a3a" className="teamcanada.Tests.UnitTest1, teamcanada.Tests, Version=1.0.0.0, Culture=neutral, PublicKeyToken=null" name="TestMethod1" />
    </UnitTest>
    <UnitTest name="Index_Get_AsksForIndexView" storage="c:\users\db\documents\visual studio 2010\projects\teamcanada\teamcanada.tests\bin\debug\teamcanada.tests.dll" id="af8e6f2a-4215-113b-1498-0851cedd99a5">
      <Execution id="e3c8a759-28da-4a54-ae1c-b2a09c5165d4" />
      <TestMethod codeBase="C:/Users/DB/Documents/Visual Studio 2010/Projects/teamcanada/teamcanada.Tests/bin/Debug/teamcanada.Tests.DLL" adapterTypeName="Microsoft.VisualStudio.TestTools.TestTypes.Unit.UnitTestAdapter, Microsoft.VisualStudio.QualityTools.Tips.UnitTest.Adapter, Version=10.0.0.0, Culture=neutral, PublicKeyToken=b03f5f7f11d50a3a" className="teamcanada.Tests.Controllers.HomeController2Test, teamcanada.Tests, Version=1.0.0.0, Culture=neutral, PublicKeyToken=null" name="Index_Get_AsksForIndexView" />
    </UnitTest>
    <UnitTest name="Create_Post_ReturnsViewIfModelStateIsNotValid" storage="c:\users\db\documents\visual studio 2010\projects\teamcanada\teamcanada.tests\bin\debug\teamcanada.tests.dll" id="afa372c1-0d52-0b18-991e-fdca9df18cf0">
      <Execution id="56940634-c7c4-4717-89e2-2b62324e8c96" />
      <TestMethod codeBase="C:/Users/DB/Documents/Visual Studio 2010/Projects/teamcanada/teamcanada.Tests/bin/Debug/teamcanada.Tests.DLL" adapterTypeName="Microsoft.VisualStudio.TestTools.TestTypes.Unit.UnitTestAdapter, Microsoft.VisualStudio.QualityTools.Tips.UnitTest.Adapter, Version=10.0.0.0, Culture=neutral, PublicKeyToken=b03f5f7f11d50a3a" className="teamcanada.Tests.Controllers.HomeController2Test, teamcanada.Tests, Version=1.0.0.0, Culture=neutral, PublicKeyToken=null" name="Create_Post_ReturnsViewIfModelStateIsNotValid" />
    </UnitTest>
  </TestDefinitions>
  <TestLists>
    <TestList name="Results Not in a List" id="8c84fa94-04c1-424b-9868-57a2d4851a1d" />
    <TestList name="All Loaded Results" id="19431567-8539-422a-85d7-44ee4e166bda" />
  </TestLists>
  <TestEntries>
    <TestEntry testId="1c476c79-de79-c4b0-9feb-11589fb7c420" executionId="74068a9c-0a74-4fc4-bb32-641cc42e5e6c" testListId="8c84fa94-04c1-424b-9868-57a2d4851a1d" />
    <TestEntry testId="af8e6f2a-4215-113b-1498-0851cedd99a5" executionId="e3c8a759-28da-4a54-ae1c-b2a09c5165d4" testListId="8c84fa94-04c1-424b-9868-57a2d4851a1d" />
    <TestEntry testId="afa372c1-0d52-0b18-991e-fdca9df18cf0" executionId="56940634-c7c4-4717-89e2-2b62324e8c96" testListId="8c84fa94-04c1-424b-9868-57a2d4851a1d" />
  </TestEntries>
  <Results>
    <UnitTestResult executionId="74068a9c-0a74-4fc4-bb32-641cc42e5e6c" testId="1c476c79-de79-c4b0-9feb-11589fb7c420" testName="TestMethod1" computerName="DB-PC" duration="00:00:00.0178274" startTime="2012-07-19T11:20:02.7778490+01:00" endTime="2012-07-19T11:20:03.1078678+01:00" testType="13cdc9d9-ddb5-4fa4-a97d-d965ccfc6d4b" outcome="Passed" testListId="8c84fa94-04c1-424b-9868-57a2d4851a1d" relativeResultsDirectory="74068a9c-0a74-4fc4-bb32-641cc42e5e6c">
    </UnitTestResult>
    <UnitTestResult executionId="e3c8a759-28da-4a54-ae1c-b2a09c5165d4" testId="af8e6f2a-4215-113b-1498-0851cedd99a5" testName="Index_Get_AsksForIndexView" computerName="DB-PC" duration="00:00:00.0391840" startTime="2012-07-19T11:20:03.1208686+01:00" endTime="2012-07-19T11:20:03.1708714+01:00" testType="13cdc9d9-ddb5-4fa4-a97d-d965ccfc6d4b" outcome="Passed" testListId="8c84fa94-04c1-424b-9868-57a2d4851a1d" relativeResultsDirectory="e3c8a759-28da-4a54-ae1c-b2a09c5165d4">
    </UnitTestResult>
    <UnitTestResult executionId="56940634-c7c4-4717-89e2-2b62324e8c96" testId="afa372c1-0d52-0b18-991e-fdca9df18cf0" testName="Create_Post_ReturnsViewIfModelStateIsNotValid" computerName="DB-PC" duration="00:00:00.0240487" startTime="2012-07-19T11:20:03.1818721+01:00" endTime="2012-07-19T11:20:03.2188742+01:00" testType="13cdc9d9-ddb5-4fa4-a97d-d965ccfc6d4b" outcome="Failed" testListId="8c84fa94-04c1-424b-9868-57a2d4851a1d" relativeResultsDirectory="56940634-c7c4-4717-89e2-2b62324e8c96">
      <Output>
        <ErrorInfo>
          <Message>Test method teamcanada.Tests.Controllers.HomeController2Test.Create_Post_ReturnsViewIfModelStateIsNotValid threw exception: 
System.NotImplementedException: The method or operation is not implemented.</Message>
          <StackTrace>    at teamcanada.Tests.Controllers.HomeController2Test.GetContributionNamed(String p, String p_2, String p_3, String p_4, String p_5, String p_6, String p_7, String p_8, String p_9, String p_10, String p_11, String p_12) in C:\Users\DB\Documents\Visual Studio 2010\Projects\teamcanada\teamcanada.Tests\Controllers\HomeController2Test.cs:line 142
   at teamcanada.Tests.Controllers.HomeController2Test.Create_Post_ReturnsViewIfModelStateIsNotValid() in C:\Users\DB\Documents\Visual Studio 2010\Projects\teamcanada\teamcanada.Tests\Controllers\HomeController2Test.cs:line 131
</StackTrace>
        </ErrorInfo>
      </Output>
    </UnitTestResult>
  </Results>
</TestRun>