<?xml version="1.0" encoding="UTF-8"?>
<TestRun id="57e2424f-b974-47b3-8ac0-2a5396a610e7" name="DB@DB-PC 2012-07-21 13:43:47" runUser="DB-PC\DB" xmlns="http://microsoft.com/schemas/VisualStudio/TeamTest/2010">
  <TestSettings name="Default Test Settings" id="5cd84e41-1683-46d1-ad12-caa9b06d186f">
    <Deployment runDeploymentRoot="DB_DB-PC 2012-07-21 13_43_47">
      <DeploymentItem filename="C:\Users\DB\Documents\GitHub\EF-Group-Project\darraghTestWork\teamcanada\packages\Microsoft.AspNet.WebApi.Core.4.0.20505.0\lib\net40\System.Web.Http.dll" />
      <DeploymentItem filename="C:\Users\DB\Documents\GitHub\EF-Group-Project\darraghTestWork\teamcanada\packages\Microsoft.AspNet.WebApi.Client.4.0.20505.0\lib\net40\System.Net.Http.Formatting.dll" />
      <DeploymentItem filename="C:\Users\DB\Documents\GitHub\EF-Group-Project\darraghTestWork\teamcanada\teamcanada.Tests\bin\Debug\WebGrease.dll" />
      <DeploymentItem filename="C:\Users\DB\Documents\GitHub\EF-Group-Project\darraghTestWork\teamcanada\packages\Newtonsoft.Json.4.5.1\lib\net40\Newtonsoft.Json.dll" />
      <DeploymentItem filename="C:\Users\DB\Documents\GitHub\EF-Group-Project\darraghTestWork\teamcanada\packages\Microsoft.AspNet.WebApi.WebHost.4.0.20505.0\lib\net40\System.Web.Http.WebHost.dll" />
      <DeploymentItem filename="C:\Users\DB\Documents\GitHub\EF-Group-Project\darraghTestWork\teamcanada\packages\Microsoft.Web.Infrastructure.1.0.0.0\lib\net40\Microsoft.Web.Infrastructure.dll" />
      <DeploymentItem filename="C:\Users\DB\Documents\GitHub\EF-Group-Project\darraghTestWork\teamcanada\teamcanada.Tests\bin\Debug\System.Web.Optimization.dll" />
      <DeploymentItem filename="C:\Users\DB\Documents\GitHub\EF-Group-Project\darraghTestWork\teamcanada\teamcanada.Tests\bin\Debug\Antlr3.Runtime.dll" />
      <DeploymentItem filename="C:\Users\DB\Documents\GitHub\EF-Group-Project\darraghTestWork\teamcanada\teamcanada\bin\teamcanada.dll" />
      <DeploymentItem filename="C:\Users\DB\Documents\GitHub\EF-Group-Project\darraghTestWork\teamcanada\packages\Microsoft.Net.Http.2.0.20505.0\lib\net40\System.Net.Http.dll" />
      <DeploymentItem filename="C:\Users\DB\Documents\GitHub\EF-Group-Project\darraghTestWork\teamcanada\packages\EntityFramework.5.0.0-rc\lib\net40\EntityFramework.dll" />
      <DeploymentItem filename="C:\Users\DB\Documents\GitHub\EF-Group-Project\darraghTestWork\teamcanada\packages\Microsoft.AspNet.WebPages.2.0.20505.0\lib\net40\System.Web.Helpers.dll" />
      <DeploymentItem filename="C:\Users\DB\Documents\GitHub\EF-Group-Project\darraghTestWork\teamcanada\packages\Microsoft.AspNet.WebPages.2.0.20505.0\lib\net40\System.Web.WebPages.dll" />
      <DeploymentItem filename="C:\Users\DB\Documents\GitHub\EF-Group-Project\darraghTestWork\teamcanada\packages\Microsoft.AspNet.Providers.Core.1.0\lib\net40\System.Web.Providers.dll" />
      <DeploymentItem filename="C:\Users\DB\Documents\GitHub\EF-Group-Project\darraghTestWork\teamcanada\teamcanada.Tests\bin\Debug\LumenWorks.Framework.IO.dll" />
      <DeploymentItem filename="C:\Users\DB\Documents\GitHub\EF-Group-Project\darraghTestWork\teamcanada\packages\Microsoft.AspNet.WebPages.2.0.20505.0\lib\net40\System.Web.WebPages.Deployment.dll" />
      <DeploymentItem filename="C:\Users\DB\Documents\GitHub\EF-Group-Project\darraghTestWork\teamcanada\packages\Microsoft.AspNet.Mvc.4.0.20505.0\lib\net40\System.Web.Mvc.dll" />
      <DeploymentItem filename="C:\Users\DB\Documents\GitHub\EF-Group-Project\darraghTestWork\teamcanada\packages\Microsoft.Net.Http.2.0.20505.0\lib\net40\System.Net.Http.WebRequest.dll" />
      <DeploymentItem filename="C:\Users\DB\Documents\GitHub\EF-Group-Project\darraghTestWork\teamcanada\packages\Microsoft.AspNet.WebPages.2.0.20505.0\lib\net40\System.Web.WebPages.Razor.dll" />
      <DeploymentItem filename="C:\Users\DB\Documents\GitHub\EF-Group-Project\darraghTestWork\teamcanada\packages\Microsoft.AspNet.Razor.2.0.20505.0\lib\net40\System.Web.Razor.dll" />
    </Deployment>
    <Execution>
      <TestTypeSpecific />
      <AgentRule name="Execution Agents">
      </AgentRule>
    </Execution>
  </TestSettings>
  <Times creation="2012-07-21T13:43:47.2504781+01:00" queuing="2012-07-21T13:43:49.3754811+01:00" start="2012-07-21T13:43:49.4654812+01:00" finish="2012-07-21T13:43:49.8654818+01:00" />
  <ResultSummary outcome="Failed">
    <Counters total="1" executed="1" error="0" failed="1" timeout="0" aborted="0" inconclusive="0" passedButRunAborted="0" notRunnable="0" notExecuted="0" disconnected="0" warning="0" passed="0" completed="0" inProgress="0" pending="0" />
  </ResultSummary>
  <TestDefinitions>
    <UnitTest name="parseResultsTest" storage="c:\users\db\documents\github\ef-group-project\darraghtestwork\teamcanada\teamcanada.tests\bin\debug\teamcanada.tests.dll" id="aa220fde-b509-4c79-d945-1cb474dfd058">
      <Execution id="b43ca779-e81c-4ec2-ae95-710c83145370" />
      <TestMethod codeBase="C:/Users/DB/Documents/GitHub/EF-Group-Project/darraghTestWork/teamcanada/teamcanada.Tests/bin/Debug/teamcanada.Tests.DLL" adapterTypeName="Microsoft.VisualStudio.TestTools.TestTypes.Unit.UnitTestAdapter, Microsoft.VisualStudio.QualityTools.Tips.UnitTest.Adapter, Version=10.0.0.0, Culture=neutral, PublicKeyToken=b03f5f7f11d50a3a" className="teamcanada.Tests.ResultsParseTest, teamcanada.Tests, Version=1.0.0.0, Culture=neutral, PublicKeyToken=null" name="parseResultsTest" />
    </UnitTest>
  </TestDefinitions>
  <TestLists>
    <TestList name="Results Not in a List" id="8c84fa94-04c1-424b-9868-57a2d4851a1d" />
    <TestList name="All Loaded Results" id="19431567-8539-422a-85d7-44ee4e166bda" />
  </TestLists>
  <TestEntries>
    <TestEntry testId="aa220fde-b509-4c79-d945-1cb474dfd058" executionId="b43ca779-e81c-4ec2-ae95-710c83145370" testListId="8c84fa94-04c1-424b-9868-57a2d4851a1d" />
  </TestEntries>
  <Results>
    <UnitTestResult executionId="b43ca779-e81c-4ec2-ae95-710c83145370" testId="aa220fde-b509-4c79-d945-1cb474dfd058" testName="parseResultsTest" computerName="DB-PC" duration="00:00:00.0857366" startTime="2012-07-21T13:43:49.4904812+01:00" endTime="2012-07-21T13:43:49.8154817+01:00" testType="13cdc9d9-ddb5-4fa4-a97d-d965ccfc6d4b" outcome="Failed" testListId="8c84fa94-04c1-424b-9868-57a2d4851a1d" relativeResultsDirectory="b43ca779-e81c-4ec2-ae95-710c83145370">
      <Output>
        <ErrorInfo>
          <Message>Test method teamcanada.Tests.ResultsParseTest.parseResultsTest threw exception: 
System.ArgumentNullException: Value cannot be null.
Parameter name: reader</Message>
          <StackTrace>    at LumenWorks.Framework.IO.Csv.CsvReader..ctor(TextReader reader, Boolean hasHeaders, Char delimiter, Char quote, Char escape, Char comment, ValueTrimmingOptions trimmingOptions, Int32 bufferSize)
   at LumenWorks.Framework.IO.Csv.CsvReader..ctor(TextReader reader, Boolean hasHeaders)
   at teamcanada.ingestion.ResultsParse.teamcanada.ingestion.AllDataParser.parseResults() in C:\Users\DB\Documents\GitHub\EF-Group-Project\darraghTestWork\teamcanada\teamcanada\ingestion\ResultsParse.cs:line 22
   at teamcanada.Tests.ResultsParseTest.parseResultsTest() in C:\Users\DB\Documents\GitHub\EF-Group-Project\darraghTestWork\teamcanada\teamcanada.Tests\ResultsParseTest.cs:line 125
</StackTrace>
        </ErrorInfo>
      </Output>
    </UnitTestResult>
  </Results>
</TestRun>